#
# A fatal error has been detected by the Java Runtime Environment:
#
#  SIGSEGV (0xb) at pc=0x00007f531d195a0c, pid=9215, tid=9216
#
# JRE version: OpenJDK Runtime Environment Corretto-16.0.2.7.1 (16.0.2+7) (build 16.0.2+7)
# Java VM: OpenJDK 64-Bit Server VM Corretto-16.0.2.7.1 (16.0.2+7, mixed mode, sharing, tiered, compressed oops, compressed class ptrs, g1 gc, linux-amd64)
# Problematic frame:
# J 3246 c1 java.nio.charset.CharsetDecoder.decode(Ljava/nio/ByteBuffer;Ljava/nio/CharBuffer;Z)Ljava/nio/charset/CoderResult; java.base@16.0.2 (275 bytes) @ 0x00007f531d195a0c [0x00007f531d195740+0x00000000000002cc]
#
# Core dump will be written. Default location: Core dumps may be processed with "/usr/share/apport/apport -p%p -s%s -c%c -d%d -P%P -u%u -g%g -- %E" (or dumping to /home/andra/Documents/aninfo/Squad_5_2022_1c/core.9215)
#
# If you would like to submit a bug report, please visit:
#   https://github.com/corretto/corretto-jdk/issues/
#

---------------  S U M M A R Y ------------

Command Line: -Dfile.encoding=UTF-8 -Duser.country=US -Duser.language=en -Duser.variant com.squad_5.recursos.Recursos.RecursosApplication

Host: AMD Ryzen 5 2500U with Radeon Vega Mobile Gfx, 3 cores, 7G, Ubuntu 20.04.4 LTS
Time: Tue May 31 22:17:58 2022 -03 elapsed time: 4.888570 seconds (0d 0h 0m 4s)

---------------  T H R E A D  ---------------

Current thread (0x00007f53340251d0):  JavaThread "main" [_thread_in_Java, id=9216, stack(0x00007f533bc05000,0x00007f533bd06000)]

Stack: [0x00007f533bc05000,0x00007f533bd06000],  sp=0x00007f533bd02240,  free space=1012k
Native frames: (J=compiled Java code, A=aot compiled Java code, j=interpreted, Vv=VM code, C=native code)
J 3246 c1 java.nio.charset.CharsetDecoder.decode(Ljava/nio/ByteBuffer;Ljava/nio/CharBuffer;Z)Ljava/nio/charset/CoderResult; java.base@16.0.2 (275 bytes) @ 0x00007f531d195a0c [0x00007f531d195740+0x00000000000002cc]
j  sun.util.PropertyResourceBundleCharset$PropertiesFileDecoder.decodeLoop(Ljava/nio/ByteBuffer;Ljava/nio/CharBuffer;)Ljava/nio/charset/CoderResult;+38 java.base@16.0.2
J 3246 c1 java.nio.charset.CharsetDecoder.decode(Ljava/nio/ByteBuffer;Ljava/nio/CharBuffer;Z)Ljava/nio/charset/CoderResult; java.base@16.0.2 (275 bytes) @ 0x00007f531d1959fc [0x00007f531d195740+0x00000000000002bc]
j  sun.nio.cs.StreamDecoder.implRead([CII)I+61 java.base@16.0.2
j  sun.nio.cs.StreamDecoder.read([CII)I+180 java.base@16.0.2
j  java.io.InputStreamReader.read([CII)I+7 java.base@16.0.2
j  java.io.Reader.read([C)I+5 java.base@16.0.2
J 3252 c2 java.util.Properties$LineReader.readLine()I java.base@16.0.2 (584 bytes) @ 0x00007f5324188f5c [0x00007f53241887a0+0x00000000000007bc]
J 3236 c2 java.util.Properties.load0(Ljava/util/Properties$LineReader;)V java.base@16.0.2 (249 bytes) @ 0x00007f532417fcac [0x00007f532417fb80+0x000000000000012c]
j  java.util.Properties.load(Ljava/io/Reader;)V+16 java.base@16.0.2
j  java.util.PropertyResourceBundle.<init>(Ljava/io/Reader;)V+14 java.base@16.0.2
j  java.util.PropertyResourceBundle.<init>(Ljava/io/InputStream;)V+47 java.base@16.0.2
j  java.util.ResourceBundle$Control.newBundle(Ljava/lang/String;Ljava/util/Locale;Ljava/lang/String;Ljava/lang/ClassLoader;Z)Ljava/util/ResourceBundle;+403 java.base@16.0.2
j  java.util.ResourceBundle.loadBundle(Ljava/util/ResourceBundle$CacheKey;Ljava/util/List;Ljava/util/ResourceBundle$Control;Z)Ljava/util/ResourceBundle;+103 java.base@16.0.2
j  java.util.ResourceBundle.findBundle(Ljava/lang/Module;Ljava/lang/Module;Ljava/util/ResourceBundle$CacheKey;Ljava/util/List;Ljava/util/List;ILjava/util/ResourceBundle$Control;Ljava/util/ResourceBundle;)Ljava/util/ResourceBundle;+264 java.base@16.0.2
j  java.util.ResourceBundle.getBundleImpl(Ljava/lang/Module;Ljava/lang/Module;Ljava/lang/String;Ljava/util/Locale;Ljava/util/ResourceBundle$Control;)Ljava/util/ResourceBundle;+196 java.base@16.0.2
j  java.util.ResourceBundle.getBundleImpl(Ljava/lang/String;Ljava/util/Locale;Ljava/lang/Class;Ljava/lang/ClassLoader;Ljava/util/ResourceBundle$Control;)Ljava/util/ResourceBundle;+73 java.base@16.0.2
j  java.util.ResourceBundle.getBundleImpl(Ljava/lang/String;Ljava/util/Locale;Ljava/lang/Class;Ljava/util/ResourceBundle$Control;)Ljava/util/ResourceBundle;+8 java.base@16.0.2
j  java.util.ResourceBundle.getBundle(Ljava/lang/String;Ljava/util/Locale;)Ljava/util/ResourceBundle;+12 java.base@16.0.2
j  org.apache.tomcat.util.res.StringManager.<init>(Ljava/lang/String;Ljava/util/Locale;)V+49
j  org.apache.tomcat.util.res.StringManager.getManager(Ljava/lang/String;Ljava/util/Locale;)Lorg/apache/tomcat/util/res/StringManager;+62
j  org.apache.tomcat.util.res.StringManager.getManager(Ljava/lang/String;)Lorg/apache/tomcat/util/res/StringManager;+4
j  org.apache.tomcat.util.res.StringManager.getManager(Ljava/lang/Class;)Lorg/apache/tomcat/util/res/StringManager;+7
j  org.apache.tomcat.websocket.WsWebSocketContainer.<clinit>()V+2
v  ~StubRoutines::call_stub
V  [libjvm.so+0x8647e5]  JavaCalls::call_helper(JavaValue*, methodHandle const&, JavaCallArguments*, Thread*)+0x375
V  [libjvm.so+0x84078f]  InstanceKlass::call_class_initializer(Thread*)+0x1df
V  [libjvm.so+0x840bc9]  InstanceKlass::initialize_impl(Thread*)+0x3e9
V  [libjvm.so+0x840a5f]  InstanceKlass::initialize_impl(Thread*)+0x27f
V  [libjvm.so+0x85d0e0]  InterpreterRuntime::_new(JavaThread*, ConstantPool*, int)+0x180
j  org.apache.tomcat.websocket.server.WsSci.init(Ljavax/servlet/ServletContext;Z)Lorg/apache/tomcat/websocket/server/WsServerContainer;+0
j  org.apache.tomcat.websocket.server.WsSci.onStartup(Ljava/util/Set;Ljavax/servlet/ServletContext;)V+2
j  org.apache.catalina.core.StandardContext.startInternal()V+1067
j  org.apache.catalina.util.LifecycleBase.start()V+210
j  org.apache.catalina.core.ContainerBase$StartChild.call()Ljava/lang/Void;+4
j  org.apache.catalina.core.ContainerBase$StartChild.call()Ljava/lang/Object;+1
j  java.util.concurrent.FutureTask.run()V+39 java.base@16.0.2
j  org.apache.tomcat.util.threads.InlineExecutorService.execute(Ljava/lang/Runnable;)V+38
j  java.util.concurrent.AbstractExecutorService.submit(Ljava/util/concurrent/Callable;)Ljava/util/concurrent/Future;+20 java.base@16.0.2
j  org.apache.catalina.core.ContainerBase.startInternal()V+106
j  org.apache.catalina.core.StandardHost.startInternal()V+175
j  org.apache.catalina.util.LifecycleBase.start()V+210
j  org.apache.catalina.core.ContainerBase$StartChild.call()Ljava/lang/Void;+4
j  org.apache.catalina.core.ContainerBase$StartChild.call()Ljava/lang/Object;+1
j  java.util.concurrent.FutureTask.run()V+39 java.base@16.0.2
j  org.apache.tomcat.util.threads.InlineExecutorService.execute(Ljava/lang/Runnable;)V+38
j  java.util.concurrent.AbstractExecutorService.submit(Ljava/util/concurrent/Callable;)Ljava/util/concurrent/Future;+20 java.base@16.0.2
j  org.apache.catalina.core.ContainerBase.startInternal()V+106
j  org.apache.catalina.core.StandardEngine.startInternal()V+38
j  org.apache.catalina.util.LifecycleBase.start()V+210
j  org.apache.catalina.core.StandardService.startInternal()V+63
j  org.apache.catalina.util.LifecycleBase.start()V+210
j  org.apache.catalina.core.StandardServer.startInternal()V+53
j  org.apache.catalina.util.LifecycleBase.start()V+210
j  org.apache.catalina.startup.Tomcat.start()V+9
j  org.springframework.boot.web.embedded.tomcat.TomcatWebServer.initialize()V+64
j  org.springframework.boot.web.embedded.tomcat.TomcatWebServer.<init>(Lorg/apache/catalina/startup/Tomcat;ZLorg/springframework/boot/web/server/Shutdown;)V+66
j  org.springframework.boot.web.embedded.tomcat.TomcatServletWebServerFactory.getTomcatWebServer(Lorg/apache/catalina/startup/Tomcat;)Lorg/springframework/boot/web/embedded/tomcat/TomcatWebServer;+21
j  org.springframework.boot.web.embedded.tomcat.TomcatServletWebServerFactory.getWebServer([Lorg/springframework/boot/web/servlet/ServletContextInitializer;)Lorg/springframework/boot/web/server/WebServer;+212
j  org.springframework.boot.web.servlet.context.ServletWebServerApplicationContext.createWebServer()V+67
j  org.springframework.boot.web.servlet.context.ServletWebServerApplicationContext.onRefresh()V+5
j  org.springframework.context.support.AbstractApplicationContext.refresh()V+77
j  org.springframework.boot.web.servlet.context.ServletWebServerApplicationContext.refresh()V+1
j  org.springframework.boot.SpringApplication.refresh(Lorg/springframework/context/ConfigurableApplicationContext;)V+1
j  org.springframework.boot.SpringApplication.refreshContext(Lorg/springframework/context/ConfigurableApplicationContext;)V+16
j  org.springframework.boot.SpringApplication.run([Ljava/lang/String;)Lorg/springframework/context/ConfigurableApplicationContext;+107
j  org.springframework.boot.SpringApplication.run([Ljava/lang/Class;[Ljava/lang/String;)Lorg/springframework/context/ConfigurableApplicationContext;+9
j  org.springframework.boot.SpringApplication.run(Ljava/lang/Class;[Ljava/lang/String;)Lorg/springframework/context/ConfigurableApplicationContext;+9
j  com.squad_5.recursos.Recursos.RecursosApplication.main([Ljava/lang/String;)V+3
v  ~StubRoutines::call_stub
V  [libjvm.so+0x8647e5]  JavaCalls::call_helper(JavaValue*, methodHandle const&, JavaCallArguments*, Thread*)+0x375
V  [libjvm.so+0x8fbf4f]  jni_invoke_static(JNIEnv_*, JavaValue*, _jobject*, JNICallType, _jmethodID*, JNI_ArgumentPusher*, Thread*) [clone .isra.120] [clone .constprop.303]+0x15f
V  [libjvm.so+0x8fe06f]  jni_CallStaticVoidMethod+0x12f
C  [libjli.so+0xae0d]  JavaMain+0xd5d
C  [libjli.so+0xddc9]  ThreadJavaMain+0x9


siginfo: si_signo: 11 (SIGSEGV), si_code: 1 (SEGV_MAPERR), si_addr: 0x000000007f6a7f6a

Register to memory mapping:

RAX=0x000000007f6a7f6a is an unknown value
RBX=0x00007f533bd02190 is pointing into the stack for thread: 0x00007f53340251d0
RCX=0x000000000000000a is an unknown value
RDX=0x0000000000000006 is an unknown value
RSP=0x00007f533bd02240 is pointing into the stack for thread: 0x00007f53340251d0
RBP=0x00007f533bd02380 is pointing into the stack for thread: 0x00007f53340251d0
RSI=0x00007f530385abd8 is pointing into metadata
RDI=0x0 is NULL
R8 =0x0000000000002000 is an unknown value
R9 =0x0000000000002000 is an unknown value
R10=0x00007f533d445640: <offset 0x00000000015f0640> in /home/andra/.jdks/corretto-16.0.2/lib/server/libjvm.so at 0x00007f533be55000
R11=0x0000000800000000 is pointing into metadata
R12=0x0 is NULL
R13=0x00007f532418ac3c is at entry_point+764 in (nmethod*)0x00007f532418a790
R14=0x00007f533bd02180 is pointing into the stack for thread: 0x00007f53340251d0
R15=0x00007f53340251d0 is a thread


Registers:
RAX=0x000000007f6a7f6a, RBX=0x00007f533bd02190, RCX=0x000000000000000a, RDX=0x0000000000000006
RSP=0x00007f533bd02240, RBP=0x00007f533bd02380, RSI=0x00007f530385abd8, RDI=0x0000000000000000
R8 =0x0000000000002000, R9 =0x0000000000002000, R10=0x00007f533d445640, R11=0x0000000800000000
R12=0x0000000000000000, R13=0x00007f532418ac3c, R14=0x00007f533bd02180, R15=0x00007f53340251d0
RIP=0x00007f531d195a0c, EFLAGS=0x0000000000010203, CSGSFS=0x002b000000000033, ERR=0x0000000000000004
  TRAPNO=0x000000000000000e

Top of Stack: (sp=0x00007f533bd02240)
0x00007f533bd02240:   00007f533bd02280 0000000000000000
0x00007f533bd02250:   0000000000002000 0000000086f610f0
0x00007f533bd02260:   0000000086f60258 0000000000000000
0x00007f533bd02270:   0000000086f6cf38 00007f533bd02278 

Instructions: (pc=0x00007f531d195a0c)
0x00007f531d19590c:   cf 4c 8b ce 49 8b f1 89 7c 24 78 e8 64 d1 45 ff
0x00007f531d19591c:   8b 7c 24 78 48 8b 74 24 70 89 7e 14 48 8b 8c 24
0x00007f531d19592c:   88 00 00 00 48 8b 94 24 80 00 00 00 48 8b fe 48
0x00007f531d19593c:   bb d8 ab 85 03 53 7f 00 00 8b 7f 08 48 c1 e7 03
0x00007f531d19594c:   49 ba 00 00 00 00 08 00 00 00 49 03 fa 48 3b bb
0x00007f531d19595c:   70 02 00 00 75 0d 48 83 83 78 02 00 00 01 e9 66
0x00007f531d19596c:   00 00 00 48 3b bb 80 02 00 00 75 0d 48 83 83 88
0x00007f531d19597c:   02 00 00 01 e9 50 00 00 00 48 81 bb 70 02 00 00
0x00007f531d19598c:   00 00 00 00 75 17 48 89 bb 70 02 00 00 48 c7 83
0x00007f531d19599c:   78 02 00 00 01 00 00 00 e9 2c 00 00 00 48 81 bb
0x00007f531d1959ac:   80 02 00 00 00 00 00 00 75 17 48 89 bb 80 02 00
0x00007f531d1959bc:   00 48 c7 83 88 02 00 00 01 00 00 00 e9 08 00 00
0x00007f531d1959cc:   00 48 83 83 60 02 00 00 01 48 8b fa 48 8b d7 48
0x00007f531d1959dc:   8b d9 48 8b cb 48 8b c6 48 8b f0 66 0f 1f 44 00
0x00007f531d1959ec:   00 48 b8 ff ff ff ff ff ff ff ff e8 f4 9a 52 ff
0x00007f531d1959fc:   48 be d8 ab 85 03 53 7f 00 00 ff 86 98 02 00 00
0x00007f531d195a0c:   48 3b 00 48 8b f0 48 bf d8 ab 85 03 53 7f 00 00
0x00007f531d195a1c:   48 83 87 d8 02 00 00 01 48 be 80 40 72 01 53 7f
0x00007f531d195a2c:   00 00 8b be 2c 01 00 00 83 c7 02 89 be 2c 01 00
0x00007f531d195a3c:   00 81 e7 fe ff 1f 00 83 ff 00 0f 84 5b 0e 00 00
0x00007f531d195a4c:   8b 70 0c 83 fe 01 48 bf 80 40 72 01 53 7f 00 00
0x00007f531d195a5c:   48 bb 70 01 00 00 00 00 00 00 0f 85 0a 00 00 00
0x00007f531d195a6c:   48 bb 80 01 00 00 00 00 00 00 48 8b 14 1f 48 8d
0x00007f531d195a7c:   52 01 48 89 14 1f 0f 85 1a 00 00 00 48 bf 80 40
0x00007f531d195a8c:   72 01 53 7f 00 00 ff 87 90 01 00 00 bf 01 00 00
0x00007f531d195a9c:   00 e9 05 00 00 00 bf 00 00 00 00 83 e7 01 83 ff
0x00007f531d195aac:   00 48 bf d8 ab 85 03 53 7f 00 00 48 bb 08 03 00
0x00007f531d195abc:   00 00 00 00 00 0f 85 0a 00 00 00 48 bb f8 02 00
0x00007f531d195acc:   00 00 00 00 00 48 8b 14 1f 48 8d 52 01 48 89 14
0x00007f531d195adc:   1f 0f 85 71 0c 00 00 48 8b f8 48 bb d8 ab 85 03
0x00007f531d195aec:   53 7f 00 00 48 83 83 30 03 00 00 01 48 bf 38 b4
0x00007f531d195afc:   85 03 53 7f 00 00 8b 9f 2c 01 00 00 83 c3 02 89 


Stack slot to memory mapping:
stack at sp + 0 slots: 0x00007f533bd02280 is pointing into the stack for thread: 0x00007f53340251d0
stack at sp + 1 slots: 0x0 is NULL
stack at sp + 2 slots: 0x0000000000002000 is an unknown value
stack at sp + 3 slots: 0x0000000086f610f0 is an oop: java.util.zip.Inflater 
{0x0000000086f610f0} - klass: 'java/util/zip/Inflater'
stack at sp + 4 slots: 0x0000000086f60258 is an oop: sun.net.www.protocol.jar.URLJarFile 
{0x0000000086f60258} - klass: 'sun/net/www/protocol/jar/URLJarFile'
stack at sp + 5 slots: 0x0 is NULL
stack at sp + 6 slots: 0x0000000086f6cf38 is an oop: java.nio.HeapCharBuffer 
{0x0000000086f6cf38} - klass: 'java/nio/HeapCharBuffer'
stack at sp + 7 slots: 0x00007f533bd02278 is pointing into the stack for thread: 0x00007f53340251d0

--------------------------------------------------------------------------------
[Constant Pool (empty)]

--------------------------------------------------------------------------------

[MachCode]
  0x00007f531d195740: 448b 5608 | 49c1 e203 | 49bb 0000 | 0000 0800 | 0000 4d03 | d34c 3bd0 | 0f85 22d0 | 45ff 6690 
  0x00007f531d195760: 8984 2400 | c0fe ff55 | 4881 ecc0 | 0000 0048 | 8974 2470 | 4889 9424 | 8000 0000 | 4889 8c24 
  0x00007f531d195780: 8800 0000 | 4489 4424 | 7c48 bfd8 | ab85 0353 | 7f00 008b | 9f2c 0100 | 0083 c302 | 899f 2c01 
  0x00007f531d1957a0: 0000 81e3 | fe07 0000 | 83fb 000f | 84d0 1000 | 0041 83f8 | 0048 bfd8 | ab85 0353 | 7f00 0048 
  0x00007f531d1957c0: bb70 0100 | 0000 0000 | 000f 840a | 0000 0048 | bb80 0100 | 0000 0000 | 0048 8b04 | 1f48 8d40 
  0x00007f531d1957e0: 0148 8904 | 1f0f 841a | 0000 0048 | bfd8 ab85 | 0353 7f00 | 00ff 8790 | 0100 00bf | 0200 0000 
  0x00007f531d195800: e905 0000 | 00bf 0100 | 0000 8b5e | 1483 fb00 | 48b8 d8ab | 8503 537f | 0000 49b9 | a801 0000 
  0x00007f531d195820: 0000 0000 | 0f84 0a00 | 0000 49b9 | b801 0000 | 0000 0000 | 4e8b 1c08 | 4d8d 5b01 | 4e89 1c08 
  0x00007f531d195840: 0f84 df00 | 0000 83fb | 0148 b8d8 | ab85 0353 | 7f00 0049 | b9c8 0100 | 0000 0000 | 000f 840a 
  0x00007f531d195860: 0000 0049 | b9d8 0100 | 0000 0000 | 004e 8b1c | 084d 8d5b | 014e 891c | 080f 84a6 | 0000 0041 
  0x00007f531d195880: 83f8 0048 | b8d8 ab85 | 0353 7f00 | 0049 b9e8 | 0100 0000 | 0000 000f | 840a 0000 | 0049 b9f8 
  0x00007f531d1958a0: 0100 0000 | 0000 004e | 8b1c 084d | 8d5b 014e | 891c 080f | 8439 0000 | 0083 fb02 | 48b8 d8ab 
  0x00007f531d1958c0: 8503 537f | 0000 49b9 | 0802 0000 | 0000 0000 | 0f84 0a00 | 0000 49b9 | 1802 0000 | 0000 0000 
  0x00007f531d1958e0: 4e8b 1c08 | 4d8d 5b01 | 4e89 1c08 | 0f84 3300 | 0000 488b | c649 b9d8 | ab85 0353 | 7f00 0049 
  0x00007f531d195900: 8381 2802 | 0000 0148 | 8bd3 488b | cf4c 8bce | 498b f189 | 7c24 78e8 | 64d1 45ff | 8b7c 2478 
  0x00007f531d195920: 488b 7424 | 7089 7e14 | 488b 8c24 | 8800 0000 | 488b 9424 | 8000 0000 | 488b fe48 | bbd8 ab85 
  0x00007f531d195940: 0353 7f00 | 008b 7f08 | 48c1 e703 | 49ba 0000 | 0000 0800 | 0000 4903 | fa48 3bbb | 7002 0000 
  0x00007f531d195960: 750d 4883 | 8378 0200 | 0001 e966 | 0000 0048 | 3bbb 8002 | 0000 750d | 4883 8388 | 0200 0001 
  0x00007f531d195980: e950 0000 | 0048 81bb | 7002 0000 | 0000 0000 | 7517 4889 | bb70 0200 | 0048 c783 | 7802 0000 
  0x00007f531d1959a0: 0100 0000 | e92c 0000 | 0048 81bb | 8002 0000 | 0000 0000 | 7517 4889 | bb80 0200 | 0048 c783 
  0x00007f531d1959c0: 8802 0000 | 0100 0000 | e908 0000 | 0048 8383 | 6002 0000 | 0148 8bfa | 488b d748 | 8bd9 488b 
  0x00007f531d1959e0: cb48 8bc6 | 488b f066 | 0f1f 4400 | 0048 b8ff | ffff ffff | ffff ffe8 | f49a 52ff | 48be d8ab 
  0x00007f531d195a00: 8503 537f | 0000 ff86 | 9802 0000 | 483b 0048 | 8bf0 48bf | d8ab 8503 | 537f 0000 | 4883 87d8 
  0x00007f531d195a20: 0200 0001 | 48be 8040 | 7201 537f | 0000 8bbe | 2c01 0000 | 83c7 0289 | be2c 0100 | 0081 e7fe 
  0x00007f531d195a40: ff1f 0083 | ff00 0f84 | 5b0e 0000 | 8b70 0c83 | fe01 48bf | 8040 7201 | 537f 0000 | 48bb 7001 
  0x00007f531d195a60: 0000 0000 | 0000 0f85 | 0a00 0000 | 48bb 8001 | 0000 0000 | 0000 488b | 141f 488d | 5201 4889 
  0x00007f531d195a80: 141f 0f85 | 1a00 0000 | 48bf 8040 | 7201 537f | 0000 ff87 | 9001 0000 | bf01 0000 | 00e9 0500 
  0x00007f531d195aa0: 0000 bf00 | 0000 0083 | e701 83ff | 0048 bfd8 | ab85 0353 | 7f00 0048 | bb08 0300 | 0000 0000 
  0x00007f531d195ac0: 000f 850a | 0000 0048 | bbf8 0200 | 0000 0000 | 0048 8b14 | 1f48 8d52 | 0148 8914 | 1f0f 8571 
  0x00007f531d195ae0: 0c00 0048 | 8bf8 48bb | d8ab 8503 | 537f 0000 | 4883 8330 | 0300 0001 | 48bf 38b4 | 8503 537f 
  0x00007f531d195b00: 0000 8b9f | 2c01 0000 | 83c3 0289 | 9f2c 0100 | 0081 e3fe | ff1f 0083 | fb00 0f84 | a80d 0000 
  0x00007f531d195b20: 83fe 0048 | be38 b485 | 0353 7f00 | 0048 bf70 | 0100 0000 | 0000 000f | 850a 0000 | 0048 bf80 
  0x00007f531d195b40: 0100 0000 | 0000 0048 | 8b1c 3e48 | 8d5b 0148 | 891c 3e0f | 851a 0000 | 0048 be38 | b485 0353 
  0x00007f531d195b60: 7f00 00ff | 8690 0100 | 00be 0100 | 0000 e905 | 0000 00be | 0000 0000 | 83e6 0183 | fe00 48be 
  0x00007f531d195b80: d8ab 8503 | 537f 0000 | 48bf 5003 | 0000 0000 | 0000 0f84 | 0a00 0000 | 48bf 6003 | 0000 0000 
  0x00007f531d195ba0: 0000 488b | 1c3e 488d | 5b01 4889 | 1c3e 0f84 | e001 0000 | 448b 4424 | 7c41 83f8 | 0048 bed8 
  0x00007f531d195bc0: ab85 0353 | 7f00 0048 | bf70 0300 | 0000 0000 | 000f 840a | 0000 0048 | bf80 0300 | 0000 0000 
  0x00007f531d195be0: 0048 8b1c | 3e48 8d5b | 0148 891c | 3e0f 8415 | 0b00 0048 | 8b94 2480 | 0000 0048 | 3b02 488b 
  0x00007f531d195c00: f248 bfd8 | ab85 0353 | 7f00 0048 | 8387 9003 | 0000 0148 | be38 1387 | 0353 7f00 | 008b be2c 
  0x00007f531d195c20: 0100 0083 | c702 89be | 2c01 0000 | 81e7 feff | 1f00 83ff | 000f 84b3 | 0c00 008b | 7218 8b7a 
  0x00007f531d195c40: 1c3b f748 | bb38 1387 | 0353 7f00 | 0048 b970 | 0100 0000 | 0000 000f | 8d0a 0000 | 0048 b980 
  0x00007f531d195c60: 0100 0000 | 0000 004c | 8b0c 0b4d | 8d49 014c | 890c 0b0f | 8d1a 0000 | 0048 bb38 | 1387 0353 
  0x00007f531d195c80: 7f00 00ff | 8390 0100 | 00bb 0100 | 0000 e905 | 0000 00bb | 0000 0000 | 83e3 0183 | fb00 48bb 
  0x00007f531d195ca0: d8ab 8503 | 537f 0000 | 48b9 c803 | 0000 0000 | 0000 0f84 | 0a00 0000 | 48b9 d803 | 0000 0000 
  0x00007f531d195cc0: 0000 4c8b | 0c0b 4d8d | 4901 4c89 | 0c0b 0f84 | 340a 0000 | 488b da48 | b8d8 ab85 | 0353 7f00 
  0x00007f531d195ce0: 0048 8380 | e803 0000 | 0148 bb50 | 4272 0153 | 7f00 008b | 832c 0100 | 0083 c002 | 8983 2c01 
  0x00007f531d195d00: 0000 81e0 | feff 1f00 | 83f8 000f | 84fe 0b00 | 002b fe83 | ff00 48be | 5042 7201 | 537f 0000 
  0x00007f531d195d20: 48bb 7001 | 0000 0000 | 0000 0f8e | 0a00 0000 | 48bb 8001 | 0000 0000 | 0000 488b | 041e 488d 
  0x00007f531d195d40: 4001 4889 | 041e 0f8e | 1500 0000 | 48be 5042 | 7201 537f | 0000 ff86 | 9001 0000 | e905 0000 
  0x00007f531d195d60: 00bf 0000 | 0000 48be | d8ab 8503 | 537f 0000 | 4883 8620 | 0400 0001 | 488b f70f | 1f40 00e8 
  0x00007f531d195d80: fcd2 45ff | 48b9 d8ab | 8503 537f | 0000 ff81 | 3004 0000 | 483b 0048 | 8bc8 48ba | d8ab 8503 
  0x00007f531d195da0: 537f 0000 | 49ba 70e7 | 0a00 0800 | 0000 4c89 | 9258 0400 | 0048 8382 | 6004 0000 | 0148 b9c8 
  0x00007f531d195dc0: 4672 0153 | 7f00 008b | 912c 0100 | 0083 c202 | 8991 2c01 | 0000 81e2 | feff 1f00 | 83fa 000f 
  0x00007f531d195de0: 8450 0b00 | 008b 480c | 83f9 0248 | bac8 4672 | 0153 7f00 | 0049 b870 | 0100 0000 | 0000 000f 
  0x00007f531d195e00: 850a 0000 | 0049 b880 | 0100 0000 | 0000 004a | 8b34 0248 | 8d76 014a | 8934 020f | 851a 0000 
  0x00007f531d195e20: 0048 bac8 | 4672 0153 | 7f00 00ff | 8290 0100 | 00ba 0100 | 0000 e905 | 0000 00ba | 0000 0000 
  0x00007f531d195e40: 83e2 0183 | fa00 48ba | d8ab 8503 | 537f 0000 | 49b8 8004 | 0000 0000 | 0000 0f84 | 0a00 0000 
  0x00007f531d195e60: 49b8 9004 | 0000 0000 | 0000 4a8b | 3402 488d | 7601 4a89 | 3402 488b | 7424 700f | 8418 0000 
  0x00007f531d195e80: 008b 4e20 | 48ba d8ab | 8503 537f | 0000 ff82 | a004 0000 | e919 0100 | 0048 8bd0 | 49b8 d8ab 
  0x00007f531d195ea0: 8503 537f | 0000 49ba | 70e7 0a00 | 0800 0000 | 4d89 90c8 | 0400 0049 | 8380 d004 | 0000 0148 
  0x00007f531d195ec0: ba98 4872 | 0153 7f00 | 0044 8b82 | 2c01 0000 | 4183 c002 | 4489 822c | 0100 0041 | 81e0 feff 
  0x00007f531d195ee0: 1f00 4183 | f800 0f84 | 6a0a 0000 | 83f9 0348 | b998 4872 | 0153 7f00 | 0048 ba70 | 0100 0000 
  0x00007f531d195f00: 0000 000f | 850a 0000 | 0048 ba80 | 0100 0000 | 0000 004c | 8b04 114d | 8d40 014c | 8904 110f 
  0x00007f531d195f20: 851a 0000 | 0048 b998 | 4872 0153 | 7f00 00ff | 8190 0100 | 00b9 0100 | 0000 e905 | 0000 00b9 
  0x00007f531d195f40: 0000 0000 | 83e1 0183 | f900 48b9 | d8ab 8503 | 537f 0000 | 48ba f004 | 0000 0000 | 0000 0f84 
  0x00007f531d195f60: 0a00 0000 | 48ba 0005 | 0000 0000 | 0000 4c8b | 0411 4d8d | 4001 4c89 | 0411 0f84 | 1800 0000 
  0x00007f531d195f80: 8b4e 2448 | bad8 ab85 | 0353 7f00 | 00ff 8210 | 0500 00e9 | 1a00 0000 | 48b9 d8ab | 8503 537f 
  0x00007f531d195fa0: 0000 ff81 | 2805 0000 | 48b9 0000 | 0000 0000 | 0000 49ba | 287e ea83 | 0000 0000 | 493b ca48 
  0x00007f531d195fc0: bad8 ab85 | 0353 7f00 | 0049 b8a0 | 0500 0000 | 0000 000f | 840a 0000 | 0049 b890 | 0500 0000 
  0x00007f531d195fe0: 0000 004a | 8b3c 0248 | 8d7f 014a | 893c 020f | 8449 0700 | 0048 bab8 | e7ec 8300 | 0000 0048 
  0x00007f531d196000: 3bca 48ba | d8ab 8503 | 537f 0000 | 49b8 c005 | 0000 0000 | 0000 0f84 | 0a00 0000 | 49b8 b005 
  0x00007f531d196020: 0000 0000 | 0000 4a8b | 3c02 488d | 7f01 4a89 | 3c02 0f84 | 0d00 0000 | 4889 8424 | 9800 0000 
  0x00007f531d196040: e957 0300 | 0048 8bbc | 2488 0000 | 0048 3b07 | 488b d749 | b8d8 ab85 | 0353 7f00 | 0049 8380 
  0x00007f531d196060: d005 0000 | 0148 ba50 | 4272 0153 | 7f00 0044 | 8b82 2c01 | 0000 4183 | c002 4489 | 822c 0100 
  0x00007f531d196080: 0041 81e0 | feff 1f00 | 4183 f800 | 0f84 ea08 | 0000 8b57 | 1c44 8b47 | 1841 2bd0 | 83fa 0049 
  0x00007f531d1960a0: b850 4272 | 0153 7f00 | 0048 bb70 | 0100 0000 | 0000 000f | 8e0a 0000 | 0048 bb80 | 0100 0000 
  0x00007f531d1960c0: 0000 004d | 8b0c 184d | 8d49 014d | 890c 180f | 8e16 0000 | 0049 b850 | 4272 0153 | 7f00 0041 
  0x00007f531d1960e0: ff80 9001 | 0000 e905 | 0000 00ba | 0000 0000 | 448b 461c | 493b 0049 | 8bd8 49b9 | d8ab 8503 
  0x00007f531d196100: 537f 0000 | 4983 8108 | 0600 0001 | 48bb d0fb | 8003 537f | 0000 448b | 8b2c 0100 | 0041 83c1 
  0x00007f531d196120: 0244 898b | 2c01 0000 | 4181 e1fe | ff1f 0041 | 83f9 000f | 8469 0800 | 0041 8b58 | 148b 5b0c 
  0x00007f531d196140: 4d8b c849 | bbd0 fb80 | 0353 7f00 | 0049 8383 | 7001 0000 | 0149 b958 | f980 0353 | 7f00 0045 
  0x00007f531d196160: 8b99 2c01 | 0000 4183 | c302 4589 | 992c 0100 | 0041 81e3 | feff 1f00 | 4183 fb00 | 0f84 4608 
  0x00007f531d196180: 0000 49b9 | 58f9 8003 | 537f 0000 | 41ff 8180 | 0100 0045 | 0fbe 4810 | 49bb 58f9 | 8003 537f 
  0x00007f531d1961a0: 0000 41ff | 8390 0100 | 0041 c1e1 | 1841 c1f9 | 1848 898c | 2490 0000 | 0049 8bc9 | 4c8b cb41 
  0x00007f531d1961c0: d3f9 413b | d148 bad8 | ab85 0353 | 7f00 0048 | b950 0600 | 0000 0000 | 000f 8c0a | 0000 0048 
  0x00007f531d1961e0: b940 0600 | 0000 0000 | 004c 8b2c | 0a4d 8d6d | 014c 892c | 0a0f 8c23 | 0500 0048 | 8bcf 48ba 
  0x00007f531d196200: d8ab 8503 | 537f 0000 | 4883 8260 | 0600 0001 | 48ba b8ed | d600 537f | 0000 8b8a | 2c01 0000 
  0x00007f531d196220: 83c1 0289 | 8a2c 0100 | 0081 e1fe | ff1f 0083 | f900 0f84 | b107 0000 | 498b d048 | b9b8 edd6 
  0x00007f531d196240: 0053 7f00 | 0048 8381 | 7001 0000 | 0148 bad0 | fb80 0353 | 7f00 008b | 8a2c 0100 | 0083 c102 
  0x00007f531d196260: 898a 2c01 | 0000 81e1 | feff 1f00 | 83f9 000f | 8495 0700 | 0049 8bd0 | 48b9 d0fb | 8003 537f 
  0x00007f531d196280: 0000 4883 | 8170 0100 | 0001 48ba | 58f9 8003 | 537f 0000 | 8b8a 2c01 | 0000 83c1 | 0289 8a2c 
  0x00007f531d1962a0: 0100 0081 | e1fe ff1f | 0083 f900 | 0f84 7907 | 0000 48ba | 58f9 8003 | 537f 0000 | ff82 8001 
  0x00007f531d1962c0: 0000 48ba | 58f9 8003 | 537f 0000 | ff82 9001 | 0000 4889 | 8424 9800 | 0000 488b | d748 bbb8 
  0x00007f531d1962e0: edd6 0053 | 7f00 008b | 5208 48c1 | e203 49ba | 0000 0000 | 0800 0000 | 4903 d248 | 3b93 b801 
  0x00007f531d196300: 0000 750d | 4883 83c0 | 0100 0001 | e966 0000 | 0048 3b93 | c801 0000 | 750d 4883 | 83d0 0100 
  0x00007f531d196320: 0001 e950 | 0000 0048 | 81bb b801 | 0000 0000 | 0000 7517 | 4889 93b8 | 0100 0048 | c783 c001 
  0x00007f531d196340: 0000 0100 | 0000 e92c | 0000 0048 | 81bb c801 | 0000 0000 | 0000 7517 | 4889 93c8 | 0100 0048 
  0x00007f531d196360: c783 d001 | 0000 0100 | 0000 e908 | 0000 0048 | 8383 a801 | 0000 0149 | 8bd0 b900 | 0000 004d 
  0x00007f531d196380: 8bc1 488b | f748 b8ff | ffff ffff | ffff ffe8 | ecc9 45ff | 488b 8c24 | 9000 0000 | 49ba 886a 
  0x00007f531d1963a0: ee83 0000 | 0000 493b | ca48 bad8 | ab85 0353 | 7f00 0048 | be98 0600 | 0000 0000 | 000f 840a 
  0x00007f531d1963c0: 0000 0048 | bea8 0600 | 0000 0000 | 0048 8b3c | 3248 8d7f | 0148 893c | 320f 8443 | 0000 0048 
  0x00007f531d1963e0: bab8 e7ec | 8300 0000 | 0048 3bca | 48ba d8ab | 8503 537f | 0000 48be | b806 0000 | 0000 0000 
  0x00007f531d196400: 0f85 0a00 | 0000 48be | c806 0000 | 0000 0000 | 488b 3c32 | 488d 7f01 | 4889 3c32 | 0f85 6601 
  0x00007f531d196420: 0000 488b | 8424 9800 | 0000 488b | 9424 8000 | 0000 483b | 0248 8bf2 | 48bf d8ab | 8503 537f 
  0x00007f531d196440: 0000 4883 | 87d8 0600 | 0001 8b5a | 1848 8bf0 | 48bf d8ab | 8503 537f | 0000 49ba | 70e7 0a00 
  0x00007f531d196460: 0800 0000 | 4c89 9720 | 0700 0048 | 8387 2807 | 0000 0148 | be58 4c72 | 0153 7f00 | 008b be2c 
  0x00007f531d196480: 0100 0083 | c702 89be | 2c01 0000 | 81e7 feff | 1f00 83ff | 000f 84b6 | 0500 0048 | 8bf0 48bf 
  0x00007f531d1964a0: 584c 7201 | 537f 0000 | 49ba 70e7 | 0a00 0800 | 0000 4c89 | 9780 0100 | 0048 8387 | 8801 0000 
  0x00007f531d1964c0: 0148 be50 | c2bf 0353 | 7f00 008b | be2c 0100 | 0083 c702 | 89be 2c01 | 0000 81e7 | feff 1f00 
  0x00007f531d1964e0: 83ff 000f | 8489 0500 | 008b 700c | 83fe 0248 | be50 c2bf | 0353 7f00 | 0048 bf70 | 0100 0000 
  0x00007f531d196500: 0000 000f | 8c0a 0000 | 0048 bf80 | 0100 0000 | 0000 0048 | 8b0c 3e48 | 8d49 0148 | 890c 3e0f 
  0x00007f531d196520: 8c1a 0000 | 0048 be50 | c2bf 0353 | 7f00 00ff | 8690 0100 | 00be 0100 | 0000 e905 | 0000 00be 
  0x00007f531d196540: 0000 0000 | 83e6 0183 | fe00 48be | 584c 7201 | 537f 0000 | 48bf b801 | 0000 0000 | 0000 0f84 
  0x00007f531d196560: 0a00 0000 | 48bf a801 | 0000 0000 | 0000 488b | 0c3e 488d | 4901 4889 | 0c3e 0f84 | ea01 0000 
  0x00007f531d196580: 8b70 10e9 | 6c00 0000 | 488b 9424 | 8000 0000 | 48be d8ab | 8503 537f | 0000 ff86 | 9807 0000 
  0x00007f531d1965a0: 48be d8ab | 8503 537f | 0000 8bbe | 3001 0000 | 83c7 0289 | be30 0100 | 0081 e7fe | 3f00 0083 
  0x00007f531d1965c0: ff00 0f84 | cb04 0000 | 4d8b 9720 | 0100 0041 | 8502 48be | d8ab 8503 | 537f 0000 | ff86 c807 
  0x00007f531d1965e0: 0000 488b | 8c24 8800 | 0000 488b | 7424 70e9 | 44f3 ffff | 488b fa48 | b8d8 ab85 | 0353 7f00 
  0x00007f531d196600: 008b 7f08 | 48c1 e703 | 49ba 0000 | 0000 0800 | 0000 4903 | fa48 3bb8 | 5807 0000 | 750d 4883 
  0x00007f531d196620: 8060 0700 | 0001 e966 | 0000 0048 | 3bb8 6807 | 0000 750d | 4883 8070 | 0700 0001 | e950 0000 
  0x00007f531d196640: 0048 81b8 | 5807 0000 | 0000 0000 | 7517 4889 | b858 0700 | 0048 c780 | 6007 0000 | 0100 0000 
  0x00007f531d196660: e92c 0000 | 0048 81b8 | 6807 0000 | 0000 0000 | 7517 4889 | b868 0700 | 0048 c780 | 7007 0000 
  0x00007f531d196680: 0100 0000 | e908 0000 | 0048 8380 | 4807 0000 | 0103 f348 | 8bfa 488b | d648 8bf7 | 9048 b8ff 
  0x00007f531d1966a0: ffff ffff | ffff ffe8 | d4c6 45ff | 48b8 d8ab | 8503 537f | 0000 8b90 | 3001 0000 | 83c2 0289 
  0x00007f531d1966c0: 9030 0100 | 0081 e2fe | 3f00 0083 | fa00 0f84 | e003 0000 | 4d8b 9720 | 0100 0041 | 8502 48b8 
  0x00007f531d1966e0: d8ab 8503 | 537f 0000 | ff80 8007 | 0000 488b | 8c24 8800 | 0000 488b | 9424 8000 | 0000 488b 
  0x00007f531d196700: 7424 70e9 | 30f2 ffff | 4881 c4c0 | 0000 005d | 493b a718 | 0100 000f | 87b8 0300 | 00c3 48b8 
  0x00007f531d196720: c069 ee83 | 0000 0000 | 4881 c4c0 | 0000 005d | 493b a718 | 0100 000f | 87ae 0300 | 00c3 4881 
  0x00007f531d196740: c4c0 0000 | 005d 493b | a718 0100 | 000f 87ae | 0300 00c3 | 4881 c4c0 | 0000 005d | 493b a718 
  0x00007f531d196760: 0100 000f | 87ae 0300 | 00c3 899c | 24a8 0000 | 000f 1f80 | 0000 0000 | e9bf 0300 | 0000 0000 
  0x00007f531d196780: 0000 80ba | 3b01 0000 | 040f 85bc | 0300 0049 | 8b87 3001 | 0000 488d | 7828 493b | bf40 0100 
  0x00007f531d1967a0: 000f 87a4 | 0300 0049 | 89bf 3001 | 0000 48c7 | 0001 0000 | 0048 8bca | 49ba 0000 | 0000 0800 
  0x00007f531d1967c0: 0000 492b | ca48 c1e9 | 0389 4808 | 4833 c989 | 480c 4833 | c948 8948 | 1048 8948 | 1848 8948 
  0x00007f531d1967e0: 2048 8bf0 | 48bf 584c | 7201 537f | 0000 4883 | 87c8 0100 | 0001 488b | f048 8984 | 24a0 0000 
  0x00007f531d196800: 0066 0f1f | 4400 00e8 | 74c2 45ff | 488b 8424 | a000 0000 | e984 0300 | 0049 8b87 | f803 0000 
  0x00007f531d196820: 4d33 d24d | 8997 f803 | 0000 4d33 | d24d 8997 | 0004 0000 | 488b f090 | e92a 0300 | 0000 0000 
  0x00007f531d196840: 0000 e92a | 0300 0048 | 8bd0 48bf | d8ab 8503 | 537f 0000 | 4883 87b0 | 0200 0001 | 488b d648 
  0x00007f531d196860: 8bf0 4889 | 8424 b000 | 0000 0f1f | 4400 00e8 | 0cc2 45ff | 488b 8424 | b000 0000 | e91c 0300 
  0x00007f531d196880: 0049 ba80 | 9f83 0353 | 7f00 004c | 8954 2408 | 48c7 0424 | ffff ffff | e863 2251 | ffe9 0fef 
  0x00007f531d1968a0: ffff e8f9 | 2b43 ff49 | ba38 f90a | 0008 0000 | 004c 8954 | 2408 48c7 | 0424 ffff | ffff e83d 
  0x00007f531d1968c0: 2251 ffe9 | 84f1 ffff | 49ba e0f8 | 0a00 0800 | 0000 4c89 | 5424 0848 | c704 24ff | ffff ffe8 
  0x00007f531d1968e0: 1c22 51ff | e937 f2ff | ffe8 b22b | 43ff 49ba | 1064 0900 | 0800 0000 | 4c89 5424 | 0848 c704 
  0x00007f531d196900: 24ff ffff | ffe8 f621 | 51ff e92c | f3ff ff49 | ba50 6109 | 0008 0000 | 004c 8954 | 2408 48c7 
  0x00007f531d196920: 0424 ffff | ffff e8d5 | 2151 ffe9 | e1f3 ffff | e86b 2b43 | ff49 bae8 | f90a 0008 | 0000 004c 
  0x00007f531d196940: 8954 2408 | 48c7 0424 | ffff ffff | e8af 2151 | ffe9 8ff4 | ffff 49ba | 40fa 0a00 | 0800 0000 
  0x00007f531d196960: 4c89 5424 | 0848 c704 | 24ff ffff | ffe8 8e21 | 51ff e975 | f5ff ffe8 | 242b 43ff | 49ba 5061 
  0x00007f531d196980: 0900 0800 | 0000 4c89 | 5424 0848 | c704 24ff | ffff ffe8 | 6821 51ff | e9f5 f6ff | ffe8 fe2a 
  0x00007f531d1969a0: 43ff 49ba | 682a 4100 | 0800 0000 | 4c89 5424 | 0848 c704 | 24ff ffff | ffe8 4221 | 51ff e976 
  0x00007f531d1969c0: f7ff ffe8 | d82a 43ff | 49ba d838 | 4100 0800 | 0000 4c89 | 5424 0848 | c704 24ff | ffff ffe8 
  0x00007f531d1969e0: 1c21 51ff | e999 f7ff | ff49 bad0 | df39 0008 | 0000 004c | 8954 2408 | 48c7 0424 | ffff ffff 
  0x00007f531d196a00: e8fb 2051 | ffe9 2ef8 | ffff 49ba | 682a 4100 | 0800 0000 | 4c89 5424 | 0848 c704 | 24ff ffff 
  0x00007f531d196a20: ffe8 da20 | 51ff e94a | f8ff ff49 | bad8 3841 | 0008 0000 | 004c 8954 | 2408 48c7 | 0424 ffff 
  0x00007f531d196a40: ffff e8b9 | 2051 ffe9 | 66f8 ffff | e84f 2a43 | ff49 ba30 | f80a 0008 | 0000 004c | 8954 2408 
  0x00007f531d196a60: 48c7 0424 | ffff ffff | e893 2051 | ffe9 29fa | ffff 49ba | 90f9 0a00 | 0800 0000 | 4c89 5424 
  0x00007f531d196a80: 0848 c704 | 24ff ffff | ffe8 7220 | 51ff e956 | faff ff49 | ba80 9f83 | 0353 7f00 | 004c 8954 
  0x00007f531d196aa0: 2408 48c7 | 0424 1001 | 0000 e851 | 2051 ffe9 | 14fb ffff | 49ba 809f | 8303 537f | 0000 4c89 
  0x00007f531d196ac0: 5424 0848 | c704 24ff | 0000 00e8 | 3020 51ff | e9ff fbff | ff49 ba10 | 6719 1d53 | 7f00 004d 
  0x00007f531d196ae0: 8997 9003 | 0000 e915 | d545 ff49 | ba30 6719 | 1d53 7f00 | 004d 8997 | 9003 0000 | e9ff d445 
  0x00007f531d196b00: ff49 ba46 | 6719 1d53 | 7f00 004d | 8997 9003 | 0000 e9e9 | d445 ff49 | ba5c 6719 | 1d53 7f00 
  0x00007f531d196b20: 004d 8997 | 9003 0000 | e9d3 d445 | ff48 ba00 | 0000 0000 | 0000 00b8 | 000f 050a | e83f 0f51 
  0x00007f531d196b40: ffe9 32fc | ffff e855 | 2943 ff48 | 8bd2 e82d | 0748 ffe9 | 89fc ffff | 48ba 0000 | 0000 0000 
  0x00007f531d196b60: 0000 b800 | 0f05 0ae8 | 140f 51ff | e9c7 fcff | ff48 8bd2 | e807 0d48 | ffe9 c9fc | ffff 9090 
  0x00007f531d196b80: 498b 87f8 | 0300 0049 | c787 f803 | 0000 0000 | 0000 49c7 | 8700 0400 | 0000 0000 | 0048 81c4 
  0x00007f531d196ba0: c000 0000 | 5de9 d638 | 43ff f4f4 | f4f4 f4f4 | f4f4 f4f4 | f4f4 f4f4 | f4f4 f4f4 | f4f4 f4f4 
  0x00007f531d196bc0: 0f1f 4400 | 0048 bb00 | 0000 0000 | 0000 00e9 | fbff ffff | 9048 bb00 | 0000 0000 | 0000 00e9 
  0x00007f531d196be0: fbff ffff | 9048 bb00 | 0000 0000 | 0000 00e9 | fbff ffff | 9048 bb00 | 0000 0000 | 0000 00e9 
  0x00007f531d196c00: fbff ffff | 9048 bb00 | 0000 0000 | 0000 00e9 | fbff ffff | 9048 bb00 | 0000 0000 | 0000 00e9 
  0x00007f531d196c20: fbff ffff | 9048 bb00 | 0000 0000 | 0000 00e9 | fbff ffff | e8c7 eb50 | ff48 bf6e | 9de6 3c53 
  0x00007f531d196c40: 7f00 0048 | 83e4 f0e8 | b4fa 7c1f | f449 ba4d | 6c19 1d53 | 7f00 0041 | 52e9 c2ca | 45ff f4f4 
[/MachCode]
--------------------------------------------------------------------------------


---------------  P R O C E S S  ---------------

Threads class SMR info:
_java_thread_list=0x00007f52c81d1d30, length=11, elements={
0x00007f53340251d0, 0x00007f53341127c0, 0x00007f5334113d40, 0x00007f53341194e0,
0x00007f533411aa30, 0x00007f533411bf50, 0x00007f533411da30, 0x00007f533411f090,
0x00007f5334120630, 0x00007f5334128370, 0x00007f533412dfa0
}

Java Threads: ( => current thread )
=>0x00007f53340251d0 JavaThread "main" [_thread_in_Java, id=9216, stack(0x00007f533bc05000,0x00007f533bd06000)]
  0x00007f53341127c0 JavaThread "Reference Handler" daemon [_thread_blocked, id=9228, stack(0x00007f5318310000,0x00007f5318411000)]
  0x00007f5334113d40 JavaThread "Finalizer" daemon [_thread_blocked, id=9229, stack(0x00007f531820f000,0x00007f5318310000)]
  0x00007f53341194e0 JavaThread "Signal Dispatcher" daemon [_thread_blocked, id=9230, stack(0x00007f531810e000,0x00007f531820f000)]
  0x00007f533411aa30 JavaThread "Service Thread" daemon [_thread_blocked, id=9231, stack(0x00007f531800d000,0x00007f531810e000)]
  0x00007f533411bf50 JavaThread "Monitor Deflation Thread" daemon [_thread_blocked, id=9232, stack(0x00007f5302f16000,0x00007f5303017000)]
  0x00007f533411da30 JavaThread "C2 CompilerThread0" daemon [_thread_in_native, id=9233, stack(0x00007f5302e15000,0x00007f5302f16000)]
  0x00007f533411f090 JavaThread "C1 CompilerThread0" daemon [_thread_blocked, id=9234, stack(0x00007f5302d14000,0x00007f5302e15000)]
  0x00007f5334120630 JavaThread "Sweeper thread" daemon [_thread_blocked, id=9235, stack(0x00007f5302c13000,0x00007f5302d14000)]
  0x00007f5334128370 JavaThread "Notification Thread" daemon [_thread_blocked, id=9236, stack(0x00007f5302b12000,0x00007f5302c13000)]
  0x00007f533412dfa0 JavaThread "Common-Cleaner" daemon [_thread_blocked, id=9238, stack(0x00007f530290f000,0x00007f5302a10000)]

Other Threads:
  0x00007f5334110200 VMThread "VM Thread" [stack: 0x00007f5318413000,0x00007f5318513000] [id=9227]
  0x00007f5334129e40 WatcherThread [stack: 0x00007f5302a12000,0x00007f5302b12000] [id=9237]
  0x00007f5334063ca0 GCTaskThread "GC Thread#0" [stack: 0x00007f53386bd000,0x00007f53387bd000] [id=9220]
  0x00007f52fc003d20 GCTaskThread "GC Thread#1" [stack: 0x00007f5301f87000,0x00007f5302087000] [id=9239]
  0x00007f52fc0048c0 GCTaskThread "GC Thread#2" [stack: 0x00007f5301e85000,0x00007f5301f85000] [id=9240]
  0x00007f5334074c60 ConcurrentGCThread "G1 Main Marker" [stack: 0x00007f53385bb000,0x00007f53386bb000] [id=9221]
  0x00007f5334075cf0 ConcurrentGCThread "G1 Conc#0" [stack: 0x00007f53384b9000,0x00007f53385b9000] [id=9224]
  0x00007f53340d8550 ConcurrentGCThread "G1 Refine#0" [stack: 0x00007f53380b4000,0x00007f53381b4000] [id=9225]
  0x00007f5304000d20 ConcurrentGCThread "G1 Refine#1" [stack: 0x00007f5301876000,0x00007f5301976000] [id=9243]
  0x00007f53340d9570 ConcurrentGCThread "G1 Service" [stack: 0x00007f5318596000,0x00007f5318696000] [id=9226]

Threads with active compile tasks:
C2 CompilerThread0     5048 3303   !   4       java.net.URL::<init> (543 bytes)

VM state: not at safepoint (normal execution)

VM Mutex/Monitor currently owned by a thread: None

Heap address: 0x0000000083c00000, size: 1988 MB, Compressed Oops mode: 32-bit

CDS archive(s) mapped at: [0x0000000800000000-0x0000000800bf7000-0x0000000800bf7000), size 12546048, SharedBaseAddress: 0x0000000800000000, ArchiveRelocationMode: 0.
Compressed class space mapped at: 0x0000000800c00000-0x0000000840c00000, reserved size: 1073741824
Narrow klass base: 0x0000000800000000, Narrow klass shift: 3, Narrow klass range: 0x100000000

GC Precious Log:
 CPUs: 3 total, 3 available
 Memory: 7951M
 Large Page Support: Disabled
 NUMA Support: Disabled
 Compressed Oops: Enabled (32-bit)
 Heap Region Size: 1M
 Heap Min Capacity: 8M
 Heap Initial Capacity: 126M
 Heap Max Capacity: 1988M
 Pre-touch: Disabled
 Parallel Workers: 3
 Concurrent Workers: 1
 Concurrent Refinement Workers: 3
 Periodic GC: Disabled

Heap:
 garbage-first heap   total 70656K, used 29888K [0x0000000083c00000, 0x0000000100000000)
  region size 1024K, 18 young (18432K), 2 survivors (2048K)
 Metaspace       used 27052K, committed 27328K, reserved 1073152K
  class space    used 3249K, committed 3392K, reserved 1048576K

Heap Regions: E=young(eden), S=young(survivor), O=old, HS=humongous(starts), HC=humongous(continues), CS=collection set, F=free, OA=open archive, CA=closed archive, TAMS=top-at-mark-start (previous, next)
|   0|0x0000000083c00000, 0x0000000083d00000, 0x0000000083d00000|100%|HS|  |TAMS 0x0000000083d00000, 0x0000000083c00000| Complete 
|   1|0x0000000083d00000, 0x0000000083e00000, 0x0000000083e00000|100%| O|  |TAMS 0x0000000083e00000, 0x0000000083d00000| Untracked 
|   2|0x0000000083e00000, 0x0000000083f00000, 0x0000000083f00000|100%| O|  |TAMS 0x0000000083f00000, 0x0000000083e00000| Untracked 
|   3|0x0000000083f00000, 0x0000000084000000, 0x0000000084000000|100%| O|  |TAMS 0x0000000083fe3200, 0x0000000083f00000| Untracked 
|   4|0x0000000084000000, 0x00000000840da400, 0x0000000084100000| 85%| O|  |TAMS 0x0000000084000000, 0x0000000084000000| Untracked 
|   5|0x0000000084100000, 0x0000000084200000, 0x0000000084200000|100%| O|  |TAMS 0x0000000084100000, 0x0000000084100000| Untracked 
|   6|0x0000000084200000, 0x0000000084300000, 0x0000000084300000|100%| O|  |TAMS 0x0000000084200000, 0x0000000084200000| Untracked 
|   7|0x0000000084300000, 0x0000000084400000, 0x0000000084400000|100%| O|  |TAMS 0x0000000084300000, 0x0000000084300000| Untracked 
|   8|0x0000000084400000, 0x0000000084500000, 0x0000000084500000|100%| O|  |TAMS 0x0000000084400000, 0x0000000084400000| Untracked 
|   9|0x0000000084500000, 0x0000000084600000, 0x0000000084600000|100%| O|  |TAMS 0x0000000084500000, 0x0000000084500000| Untracked 
|  10|0x0000000084600000, 0x0000000084700000, 0x0000000084700000|100%| O|  |TAMS 0x0000000084600000, 0x0000000084600000| Untracked 
|  11|0x0000000084700000, 0x0000000084800000, 0x0000000084800000|100%| O|  |TAMS 0x0000000084700000, 0x0000000084700000| Untracked 
|  12|0x0000000084800000, 0x0000000084900000, 0x0000000084900000|100%| O|  |TAMS 0x0000000084800000, 0x0000000084800000| Untracked 
|  13|0x0000000084900000, 0x0000000084900000, 0x0000000084a00000|  0%| F|  |TAMS 0x0000000084900000, 0x0000000084900000| Untracked 
|  14|0x0000000084a00000, 0x0000000084a00000, 0x0000000084b00000|  0%| F|  |TAMS 0x0000000084a00000, 0x0000000084a00000| Untracked 
|  15|0x0000000084b00000, 0x0000000084b00000, 0x0000000084c00000|  0%| F|  |TAMS 0x0000000084b00000, 0x0000000084b00000| Untracked 
|  16|0x0000000084c00000, 0x0000000084c00000, 0x0000000084d00000|  0%| F|  |TAMS 0x0000000084c00000, 0x0000000084c00000| Untracked 
|  17|0x0000000084d00000, 0x0000000084d00000, 0x0000000084e00000|  0%| F|  |TAMS 0x0000000084d00000, 0x0000000084d00000| Untracked 
|  18|0x0000000084e00000, 0x0000000084e00000, 0x0000000084f00000|  0%| F|  |TAMS 0x0000000084e00000, 0x0000000084e00000| Untracked 
|  19|0x0000000084f00000, 0x0000000084f00000, 0x0000000085000000|  0%| F|  |TAMS 0x0000000084f00000, 0x0000000084f00000| Untracked 
|  20|0x0000000085000000, 0x0000000085000000, 0x0000000085100000|  0%| F|  |TAMS 0x0000000085000000, 0x0000000085000000| Untracked 
|  21|0x0000000085100000, 0x0000000085100000, 0x0000000085200000|  0%| F|  |TAMS 0x0000000085100000, 0x0000000085100000| Untracked 
|  22|0x0000000085200000, 0x0000000085200000, 0x0000000085300000|  0%| F|  |TAMS 0x0000000085200000, 0x0000000085200000| Untracked 
|  23|0x0000000085300000, 0x0000000085300000, 0x0000000085400000|  0%| F|  |TAMS 0x0000000085300000, 0x0000000085300000| Untracked 
|  24|0x0000000085400000, 0x0000000085400000, 0x0000000085500000|  0%| F|  |TAMS 0x0000000085400000, 0x0000000085400000| Untracked 
|  25|0x0000000085500000, 0x0000000085500000, 0x0000000085600000|  0%| F|  |TAMS 0x0000000085500000, 0x0000000085500000| Untracked 
|  26|0x0000000085600000, 0x0000000085600000, 0x0000000085700000|  0%| F|  |TAMS 0x0000000085600000, 0x0000000085600000| Untracked 
|  27|0x0000000085700000, 0x0000000085700000, 0x0000000085800000|  0%| F|  |TAMS 0x0000000085700000, 0x0000000085700000| Untracked 
|  28|0x0000000085800000, 0x0000000085857e00, 0x0000000085900000| 34%| S|CS|TAMS 0x0000000085800000, 0x0000000085800000| Complete 
|  29|0x0000000085900000, 0x0000000085a00000, 0x0000000085a00000|100%| S|CS|TAMS 0x0000000085900000, 0x0000000085900000| Complete 
|  30|0x0000000085a00000, 0x0000000085a00000, 0x0000000085b00000|  0%| F|  |TAMS 0x0000000085a00000, 0x0000000085a00000| Untracked 
|  31|0x0000000085b00000, 0x0000000085b00000, 0x0000000085c00000|  0%| F|  |TAMS 0x0000000085b00000, 0x0000000085b00000| Untracked 
|  32|0x0000000085c00000, 0x0000000085c00000, 0x0000000085d00000|  0%| F|  |TAMS 0x0000000085c00000, 0x0000000085c00000| Untracked 
|  33|0x0000000085d00000, 0x0000000085d00000, 0x0000000085e00000|  0%| F|  |TAMS 0x0000000085d00000, 0x0000000085d00000| Untracked 
|  34|0x0000000085e00000, 0x0000000085e00000, 0x0000000085f00000|  0%| F|  |TAMS 0x0000000085e00000, 0x0000000085e00000| Untracked 
|  35|0x0000000085f00000, 0x0000000085f00000, 0x0000000086000000|  0%| F|  |TAMS 0x0000000085f00000, 0x0000000085f00000| Untracked 
|  36|0x0000000086000000, 0x0000000086000000, 0x0000000086100000|  0%| F|  |TAMS 0x0000000086000000, 0x0000000086000000| Untracked 
|  37|0x0000000086100000, 0x0000000086100000, 0x0000000086200000|  0%| F|  |TAMS 0x0000000086100000, 0x0000000086100000| Untracked 
|  38|0x0000000086200000, 0x0000000086200000, 0x0000000086300000|  0%| F|  |TAMS 0x0000000086200000, 0x0000000086200000| Untracked 
|  39|0x0000000086300000, 0x0000000086300000, 0x0000000086400000|  0%| F|  |TAMS 0x0000000086300000, 0x0000000086300000| Untracked 
|  40|0x0000000086400000, 0x0000000086400000, 0x0000000086500000|  0%| F|  |TAMS 0x0000000086400000, 0x0000000086400000| Untracked 
|  41|0x0000000086500000, 0x0000000086500000, 0x0000000086600000|  0%| F|  |TAMS 0x0000000086500000, 0x0000000086500000| Untracked 
|  42|0x0000000086600000, 0x0000000086600000, 0x0000000086700000|  0%| F|  |TAMS 0x0000000086600000, 0x0000000086600000| Untracked 
|  43|0x0000000086700000, 0x0000000086700000, 0x0000000086800000|  0%| F|  |TAMS 0x0000000086700000, 0x0000000086700000| Untracked 
|  44|0x0000000086800000, 0x0000000086800000, 0x0000000086900000|  0%| F|  |TAMS 0x0000000086800000, 0x0000000086800000| Untracked 
|  45|0x0000000086900000, 0x0000000086900000, 0x0000000086a00000|  0%| F|  |TAMS 0x0000000086900000, 0x0000000086900000| Untracked 
|  46|0x0000000086a00000, 0x0000000086a00000, 0x0000000086b00000|  0%| F|  |TAMS 0x0000000086a00000, 0x0000000086a00000| Untracked 
|  47|0x0000000086b00000, 0x0000000086b00000, 0x0000000086c00000|  0%| F|  |TAMS 0x0000000086b00000, 0x0000000086b00000| Untracked 
|  48|0x0000000086c00000, 0x0000000086c00000, 0x0000000086d00000|  0%| F|  |TAMS 0x0000000086c00000, 0x0000000086c00000| Untracked 
|  49|0x0000000086d00000, 0x0000000086d00000, 0x0000000086e00000|  0%| F|  |TAMS 0x0000000086d00000, 0x0000000086d00000| Untracked 
|  50|0x0000000086e00000, 0x0000000086e00000, 0x0000000086f00000|  0%| F|  |TAMS 0x0000000086e00000, 0x0000000086e00000| Untracked 
|  51|0x0000000086f00000, 0x0000000086f87ff8, 0x0000000087000000| 53%| E|  |TAMS 0x0000000086f00000, 0x0000000086f00000| Complete 
|  52|0x0000000087000000, 0x0000000087100000, 0x0000000087100000|100%| E|CS|TAMS 0x0000000087000000, 0x0000000087000000| Complete 
|  53|0x0000000087100000, 0x0000000087200000, 0x0000000087200000|100%| E|CS|TAMS 0x0000000087100000, 0x0000000087100000| Complete 
|  54|0x0000000087200000, 0x0000000087300000, 0x0000000087300000|100%| E|CS|TAMS 0x0000000087200000, 0x0000000087200000| Complete 
|  55|0x0000000087300000, 0x0000000087400000, 0x0000000087400000|100%| E|CS|TAMS 0x0000000087300000, 0x0000000087300000| Complete 
|  56|0x0000000087400000, 0x0000000087500000, 0x0000000087500000|100%| E|CS|TAMS 0x0000000087400000, 0x0000000087400000| Complete 
|  57|0x0000000087500000, 0x0000000087600000, 0x0000000087600000|100%| E|CS|TAMS 0x0000000087500000, 0x0000000087500000| Complete 
|  58|0x0000000087600000, 0x0000000087700000, 0x0000000087700000|100%| E|CS|TAMS 0x0000000087600000, 0x0000000087600000| Complete 
|  59|0x0000000087700000, 0x0000000087800000, 0x0000000087800000|100%| E|CS|TAMS 0x0000000087700000, 0x0000000087700000| Complete 
| 117|0x000000008b100000, 0x000000008b200000, 0x000000008b200000|100%| E|CS|TAMS 0x000000008b100000, 0x000000008b100000| Complete 
| 118|0x000000008b200000, 0x000000008b300000, 0x000000008b300000|100%| E|CS|TAMS 0x000000008b200000, 0x000000008b200000| Complete 
| 119|0x000000008b300000, 0x000000008b400000, 0x000000008b400000|100%| E|CS|TAMS 0x000000008b300000, 0x000000008b300000| Complete 
| 120|0x000000008b400000, 0x000000008b500000, 0x000000008b500000|100%| E|CS|TAMS 0x000000008b400000, 0x000000008b400000| Complete 
| 121|0x000000008b500000, 0x000000008b600000, 0x000000008b600000|100%| E|CS|TAMS 0x000000008b500000, 0x000000008b500000| Complete 
| 122|0x000000008b600000, 0x000000008b700000, 0x000000008b700000|100%| E|CS|TAMS 0x000000008b600000, 0x000000008b600000| Complete 
| 125|0x000000008b900000, 0x000000008ba00000, 0x000000008ba00000|100%| E|  |TAMS 0x000000008b900000, 0x000000008b900000| Complete 
|1986|0x00000000ffe00000, 0x00000000ffe76000, 0x00000000fff00000| 46%|OA|  |TAMS 0x00000000ffe76000, 0x00000000ffe00000| Untracked 
|1987|0x00000000fff00000, 0x00000000fff88000, 0x0000000100000000| 53%|CA|  |TAMS 0x00000000fff88000, 0x00000000fff00000| Untracked 

Card table byte_map: [0x00007f533aaf2000,0x00007f533aed4000] _byte_map_base: 0x00007f533a6d4000

Marking Bits (Prev, Next): (CMBitMap*) 0x00007f5334064890, (CMBitMap*) 0x00007f5334064850
 Prev Bits: [0x00007f531a696000, 0x00007f531c5a6000)
 Next Bits: [0x00007f5338800000, 0x00007f533a710000)

Polling page: 0x00007f533d683000

Metaspace:

Usage:
  Non-class:     23,25 MB used.
      Class:      3,17 MB used.
       Both:     26,42 MB used.

Virtual space:
  Non-class space:       24,00 MB reserved,      23,38 MB ( 97%) committed,  3 nodes.
      Class space:        1,00 GB reserved,       3,31 MB ( <1%) committed,  1 nodes.
              Both:        1,02 GB reserved,      26,69 MB (  3%) committed. 

Chunk freelists:
   Non-Class:  672,00 KB
       Class:  704,00 KB
        Both:  1,34 MB

MaxMetaspaceSize: 17179869184,00 GB
CompressedClassSpaceSize: 1,00 GB
 - commit_granule_bytes: 65536.
 - commit_granule_words: 8192.
 - virtual_space_node_default_size: 1048576.
 - enlarge_chunks_in_place: 1.
 - new_chunks_are_fully_committed: 0.
 - uncommit_free_chunks: 1.
 - use_allocation_guard: 0.
 - handle_deallocations: 1.


Internal statistics:

num_allocs_failed_limit: 3.
num_arena_births: 316.
num_arena_deaths: 0.
num_vsnodes_births: 4.
num_vsnodes_deaths: 0.
num_space_committed: 427.
num_space_uncommitted: 0.
num_chunks_returned_to_freelist: 3.
num_chunks_taken_from_freelist: 1282.
num_chunk_merges: 3.
num_chunk_splits: 865.
num_chunks_enlarged: 632.
num_purges: 0.

CodeHeap 'non-profiled nmethods': size=120036Kb used=1197Kb max_used=1197Kb free=118838Kb
 bounds [0x00007f532406d000, 0x00007f53242dd000, 0x00007f532b5a6000]
CodeHeap 'profiled nmethods': size=120032Kb used=6857Kb max_used=6857Kb free=113174Kb
 bounds [0x00007f531cb35000, 0x00007f531d1f5000, 0x00007f532406d000]
CodeHeap 'non-nmethods': size=5692Kb used=1210Kb max_used=1241Kb free=4481Kb
 bounds [0x00007f531c5a6000, 0x00007f531c816000, 0x00007f531cb35000]
 total_blobs=3901 nmethods=3393 adapters=421
 compilation: enabled
              stopped_count=0, restarted_count=0
 full_count=0

Compilation events (20 events):
Event: 4,817 Thread 0x00007f533411f090 3393  s!   2       java.beans.PropertyDescriptor::getPropertyType (33 bytes)
Event: 4,817 Thread 0x00007f533411f090 nmethod 3393 0x00007f531d1d4090 code [0x00007f531d1d4280, 0x00007f531d1d4700]
Event: 4,822 Thread 0x00007f533411f090 3397       2       java.util.logging.Logger::isLoggable (27 bytes)
Event: 4,822 Thread 0x00007f533411f090 nmethod 3397 0x00007f531d1d4990 code [0x00007f531d1d4b40, 0x00007f531d1d4c90]
Event: 4,822 Thread 0x00007f533411f090 3399       2       java.util.HashMap::values (25 bytes)
Event: 4,823 Thread 0x00007f533411f090 nmethod 3399 0x00007f531d1d4d90 code [0x00007f531d1d4f40, 0x00007f531d1d5170]
Event: 4,823 Thread 0x00007f533411f090 3400       2       java.util.HashMap$Values::<init> (10 bytes)
Event: 4,823 Thread 0x00007f533411f090 nmethod 3400 0x00007f531d1d5210 code [0x00007f531d1d53a0, 0x00007f531d1d54f0]
Event: 4,829 Thread 0x00007f533411f090 3401       2       java.util.stream.Collectors$$Lambda$44/0x800000050::accept (12 bytes)
Event: 4,830 Thread 0x00007f533411f090 nmethod 3401 0x00007f531d1d5590 code [0x00007f531d1d5740, 0x00007f531d1d5900]
Event: 4,834 Thread 0x00007f533411f090 3402 % !   3       org.springframework.beans.factory.support.DefaultListableBeanFactory::doGetBeanNamesForType @ 20 (511 bytes)
Event: 4,839 Thread 0x00007f533411f090 nmethod 3402% 0x00007f531d1d5a10 code [0x00007f531d1d6120, 0x00007f531d1db9a0]
Event: 4,844 Thread 0x00007f533411f090 3403   !   3       org.springframework.beans.factory.support.DefaultListableBeanFactory::doGetBeanNamesForType (511 bytes)
Event: 4,849 Thread 0x00007f533411f090 nmethod 3403 0x00007f531d1dd390 code [0x00007f531d1ddb00, 0x00007f531d1e3970]
Event: 4,849 Thread 0x00007f533411f090 3404       2       java.lang.invoke.MethodHandles::makeIdentity (23 bytes)
Event: 4,850 Thread 0x00007f533411f090 nmethod 3404 0x00007f531d1e5890 code [0x00007f531d1e5aa0, 0x00007f531d1e5ed0]
Event: 4,855 Thread 0x00007f533411f090 3405       2       java.net.URLStreamHandler::setURL (159 bytes)
Event: 4,857 Thread 0x00007f533411f090 nmethod 3405 0x00007f531d1e6190 code [0x00007f531d1e6400, 0x00007f531d1e6ae0]
Event: 4,858 Thread 0x00007f533411f090 3406       2       sun.nio.cs.UTF_8$Decoder::decodeLoop (28 bytes)
Event: 4,858 Thread 0x00007f533411f090 nmethod 3406 0x00007f531d1e7090 code [0x00007f531d1e7240, 0x00007f531d1e7410]

GC Heap History (16 events):
Event: 0,413 GC heap before
{Heap before GC invocations=0 (full 0):
 garbage-first heap   total 131072K, used 7160K [0x0000000083c00000, 0x0000000100000000)
  region size 1024K, 6 young (6144K), 0 survivors (0K)
 Metaspace       used 838K, committed 960K, reserved 1056768K
  class space    used 48K, committed 128K, reserved 1048576K
}
Event: 0,417 GC heap after
{Heap after GC invocations=1 (full 0):
 garbage-first heap   total 131072K, used 5073K [0x0000000083c00000, 0x0000000100000000)
  region size 1024K, 1 young (1024K), 1 survivors (1024K)
 Metaspace       used 838K, committed 960K, reserved 1056768K
  class space    used 48K, committed 128K, reserved 1048576K
}
Event: 0,761 GC heap before
{Heap before GC invocations=1 (full 0):
 garbage-first heap   total 131072K, used 9169K [0x0000000083c00000, 0x0000000100000000)
  region size 1024K, 6 young (6144K), 1 survivors (1024K)
 Metaspace       used 2456K, committed 2560K, reserved 1056768K
  class space    used 210K, committed 256K, reserved 1048576K
}
Event: 0,764 GC heap after
{Heap after GC invocations=2 (full 0):
 garbage-first heap   total 131072K, used 6009K [0x0000000083c00000, 0x0000000100000000)
  region size 1024K, 1 young (1024K), 1 survivors (1024K)
 Metaspace       used 2456K, committed 2560K, reserved 1056768K
  class space    used 210K, committed 256K, reserved 1048576K
}
Event: 1,272 GC heap before
{Heap before GC invocations=2 (full 0):
 garbage-first heap   total 131072K, used 15225K [0x0000000083c00000, 0x0000000100000000)
  region size 1024K, 10 young (10240K), 1 survivors (1024K)
 Metaspace       used 5334K, committed 5440K, reserved 1056768K
  class space    used 576K, committed 640K, reserved 1048576K
}
Event: 1,282 GC heap after
{Heap after GC invocations=3 (full 0):
 garbage-first heap   total 131072K, used 6847K [0x0000000083c00000, 0x0000000100000000)
  region size 1024K, 2 young (2048K), 2 survivors (2048K)
 Metaspace       used 5334K, committed 5440K, reserved 1056768K
  class space    used 576K, committed 640K, reserved 1048576K
}
Event: 2,178 GC heap before
{Heap before GC invocations=3 (full 0):
 garbage-first heap   total 131072K, used 52927K [0x0000000083c00000, 0x0000000100000000)
  region size 1024K, 48 young (49152K), 2 survivors (2048K)
 Metaspace       used 15082K, committed 15360K, reserved 1064960K
  class space    used 1801K, committed 1920K, reserved 1048576K
}
Event: 2,187 GC heap after
{Heap after GC invocations=4 (full 0):
 garbage-first heap   total 131072K, used 9044K [0x0000000083c00000, 0x0000000100000000)
  region size 1024K, 4 young (4096K), 4 survivors (4096K)
 Metaspace       used 15082K, committed 15360K, reserved 1064960K
  class space    used 1801K, committed 1920K, reserved 1048576K
}
Event: 3,203 GC heap before
{Heap before GC invocations=4 (full 0):
 garbage-first heap   total 131072K, used 80724K [0x0000000083c00000, 0x0000000100000000)
  region size 1024K, 75 young (76800K), 4 survivors (4096K)
 Metaspace       used 20452K, committed 20672K, reserved 1073152K
  class space    used 2447K, committed 2560K, reserved 1048576K
}
Event: 3,229 GC heap after
{Heap after GC invocations=5 (full 0):
 garbage-first heap   total 131072K, used 11577K [0x0000000083c00000, 0x0000000100000000)
  region size 1024K, 7 young (7168K), 7 survivors (7168K)
 Metaspace       used 20452K, committed 20672K, reserved 1073152K
  class space    used 2447K, committed 2560K, reserved 1048576K
}
Event: 3,347 GC heap before
{Heap before GC invocations=5 (full 0):
 garbage-first heap   total 131072K, used 13625K [0x0000000083c00000, 0x0000000100000000)
  region size 1024K, 10 young (10240K), 7 survivors (7168K)
 Metaspace       used 21057K, committed 21248K, reserved 1073152K
  class space    used 2518K, committed 2624K, reserved 1048576K
}
Event: 3,370 GC heap after
{Heap after GC invocations=6 (full 0):
 garbage-first heap   total 131072K, used 11816K [0x0000000083c00000, 0x0000000100000000)
  region size 1024K, 6 young (6144K), 6 survivors (6144K)
 Metaspace       used 21057K, committed 21248K, reserved 1073152K
  class space    used 2518K, committed 2624K, reserved 1048576K
}
Event: 4,380 GC heap before
{Heap before GC invocations=7 (full 0):
 garbage-first heap   total 48128K, used 34344K [0x0000000083c00000, 0x0000000100000000)
  region size 1024K, 28 young (28672K), 6 survivors (6144K)
 Metaspace       used 24822K, committed 25152K, reserved 1073152K
  class space    used 3010K, committed 3200K, reserved 1048576K
}
Event: 4,408 GC heap after
{Heap after GC invocations=8 (full 0):
 garbage-first heap   total 70656K, used 13967K [0x0000000083c00000, 0x0000000100000000)
  region size 1024K, 3 young (3072K), 3 survivors (3072K)
 Metaspace       used 24822K, committed 25152K, reserved 1073152K
  class space    used 3010K, committed 3200K, reserved 1048576K
}
Event: 4,680 GC heap before
{Heap before GC invocations=8 (full 0):
 garbage-first heap   total 70656K, used 50831K [0x0000000083c00000, 0x0000000100000000)
  region size 1024K, 40 young (40960K), 3 survivors (3072K)
 Metaspace       used 26116K, committed 26432K, reserved 1073152K
  class space    used 3130K, committed 3264K, reserved 1048576K
}
Event: 4,688 GC heap after
{Heap after GC invocations=9 (full 0):
 garbage-first heap   total 70656K, used 15552K [0x0000000083c00000, 0x0000000100000000)
  region size 1024K, 2 young (2048K), 2 survivors (2048K)
 Metaspace       used 26116K, committed 26432K, reserved 1073152K
  class space    used 3130K, committed 3264K, reserved 1048576K
}

Deoptimization events (20 events):
Event: 4,719 Thread 0x00007f53340251d0 DEOPT PACKING pc=0x00007f531d18c887 sp=0x00007f533bd02060
Event: 4,719 Thread 0x00007f53340251d0 DEOPT UNPACKING pc=0x00007f531c5f3bba sp=0x00007f533bd01600 mode 0
Event: 4,732 Thread 0x00007f53340251d0 Uncommon trap: trap_request=0xffffffc6 fr.pc=0x00007f532410ff30 relative=0x00000000000002f0
Event: 4,732 Thread 0x00007f53340251d0 Uncommon trap: reason=bimorphic_or_optimized_type_check action=maybe_recompile pc=0x00007f532410ff30 method=java.util.HashMap.getNode(Ljava/lang/Object;)Ljava/util/HashMap$Node; @ 128 c2
Event: 4,732 Thread 0x00007f53340251d0 DEOPT PACKING pc=0x00007f532410ff30 sp=0x00007f533bd014e0
Event: 4,732 Thread 0x00007f53340251d0 DEOPT UNPACKING pc=0x00007f531c5f3424 sp=0x00007f533bd01408 mode 2
Event: 4,733 Thread 0x00007f53340251d0 Uncommon trap: trap_request=0xffffffc6 fr.pc=0x00007f532413d4f4 relative=0x00000000000011f4
Event: 4,733 Thread 0x00007f53340251d0 Uncommon trap: reason=bimorphic_or_optimized_type_check action=maybe_recompile pc=0x00007f532413d4f4 method=java.util.HashMap.putVal(ILjava/lang/Object;Ljava/lang/Object;ZZ)Ljava/lang/Object; @ 203 c2
Event: 4,733 Thread 0x00007f53340251d0 DEOPT PACKING pc=0x00007f532413d4f4 sp=0x00007f533bd01470
Event: 4,733 Thread 0x00007f53340251d0 DEOPT UNPACKING pc=0x00007f531c5f3424 sp=0x00007f533bd01400 mode 2
Event: 4,734 Thread 0x00007f53340251d0 Uncommon trap: trap_request=0xffffffc6 fr.pc=0x00007f532413d4f4 relative=0x00000000000011f4
Event: 4,734 Thread 0x00007f53340251d0 Uncommon trap: reason=bimorphic_or_optimized_type_check action=maybe_recompile pc=0x00007f532413d4f4 method=java.util.HashMap.putVal(ILjava/lang/Object;Ljava/lang/Object;ZZ)Ljava/lang/Object; @ 203 c2
Event: 4,734 Thread 0x00007f53340251d0 DEOPT PACKING pc=0x00007f532413d4f4 sp=0x00007f533bd01470
Event: 4,734 Thread 0x00007f53340251d0 DEOPT UNPACKING pc=0x00007f531c5f3424 sp=0x00007f533bd01400 mode 2
Event: 4,839 Thread 0x00007f53340251d0 DEOPT PACKING pc=0x00007f531d0a8e1b sp=0x00007f533bd03110
Event: 4,839 Thread 0x00007f53340251d0 DEOPT UNPACKING pc=0x00007f531c5f3bba sp=0x00007f533bd026b0 mode 0
Event: 4,857 Thread 0x00007f53340251d0 DEOPT PACKING pc=0x00007f531d18c887 sp=0x00007f533bd01ec0
Event: 4,857 Thread 0x00007f53340251d0 DEOPT UNPACKING pc=0x00007f531c5f3bba sp=0x00007f533bd01460 mode 0
Event: 4,879 Thread 0x00007f53340251d0 DEOPT PACKING pc=0x00007f531d18c887 sp=0x00007f533bd02070
Event: 4,879 Thread 0x00007f53340251d0 DEOPT UNPACKING pc=0x00007f531c5f3bba sp=0x00007f533bd015f8 mode 0

Classes unloaded (0 events):
No events

Classes redefined (0 events):
No events

Internal exceptions (20 events):
Event: 4,814 Thread 0x00007f53340251d0 Exception <a 'java/lang/ClassNotFoundException'{0x00000000871a6200}: org/springframework/beans/factory/InitializingBeanCustomizer> (0x00000000871a6200) 
thrown [./src/hotspot/share/classfile/systemDictionary.cpp, line 256]
Event: 4,814 Thread 0x00007f53340251d0 Exception <a 'java/lang/ClassNotFoundException'{0x00000000871acb60}: org/springframework/beans/factory/DisposableBeanCustomizer> (0x00000000871acb60) 
thrown [./src/hotspot/share/classfile/systemDictionary.cpp, line 256]
Event: 4,817 Thread 0x00007f53340251d0 Exception <a 'java/lang/ClassNotFoundException'{0x00000000871cfd98}: java/lang/ObjectCustomizer> (0x00000000871cfd98) 
thrown [./src/hotspot/share/classfile/systemDictionary.cpp, line 256]
Event: 4,818 Thread 0x00007f53340251d0 Exception <a 'java/lang/ClassNotFoundException'{0x00000000871d9318}: org/springframework/web/filter/GenericFilterBeanCustomizer> (0x00000000871d9318) 
thrown [./src/hotspot/share/classfile/systemDictionary.cpp, line 256]
Event: 4,818 Thread 0x00007f53340251d0 Exception <a 'java/lang/ClassNotFoundException'{0x00000000871e4280}: org/springframework/web/filter/OncePerRequestFilterCustomizer> (0x00000000871e4280) 
thrown [./src/hotspot/share/classfile/systemDictionary.cpp, line 256]
Event: 4,819 Thread 0x00007f53340251d0 Exception <a 'java/lang/ClassNotFoundException'{0x00000000871ec358}: org/springframework/web/filter/CharacterEncodingFilterCustomizer> (0x00000000871ec358) 
thrown [./src/hotspot/share/classfile/systemDictionary.cpp, line 256]
Event: 4,820 Thread 0x00007f53340251d0 Exception <a 'java/lang/ClassNotFoundException'{0x00000000871f91c0}: org/springframework/boot/web/servlet/filter/OrderedCharacterEncodingFilterCustomizer> (0x00000000871f91c0) 
thrown [./src/hotspot/share/classfile/systemDictionary.cpp, line 256]
Event: 4,821 Thread 0x00007f53340251d0 Exception <a 'java/lang/ClassNotFoundException'{0x0000000087009788}: org/springframework/boot/web/servlet/filter/OrderedFilterCustomizer> (0x0000000087009788) 
thrown [./src/hotspot/share/classfile/systemDictionary.cpp, line 256]
Event: 4,821 Thread 0x00007f53340251d0 Exception <a 'java/lang/ClassNotFoundException'{0x000000008700f268}: javax/servlet/FilterCustomizer> (0x000000008700f268) 
thrown [./src/hotspot/share/classfile/systemDictionary.cpp, line 256]
Event: 4,821 Thread 0x00007f53340251d0 Exception <a 'java/lang/ClassNotFoundException'{0x0000000087016538}: org/springframework/core/OrderedCustomizer> (0x0000000087016538) 
thrown [./src/hotspot/share/classfile/systemDictionary.cpp, line 256]
Event: 4,821 Thread 0x00007f53340251d0 Exception <a 'java/lang/ClassNotFoundException'{0x000000008701cb20}: javax/servlet/FilterCustomizer> (0x000000008701cb20) 
thrown [./src/hotspot/share/classfile/systemDictionary.cpp, line 256]
Event: 4,822 Thread 0x00007f53340251d0 Exception <a 'java/lang/ClassNotFoundException'{0x0000000087024180}: org/springframework/beans/factory/BeanNameAwareCustomizer> (0x0000000087024180) 
thrown [./src/hotspot/share/classfile/systemDictionary.cpp, line 256]
Event: 4,822 Thread 0x00007f53340251d0 Exception <a 'java/lang/ClassNotFoundException'{0x000000008702adf8}: org/springframework/beans/factory/AwareCustomizer> (0x000000008702adf8) 
thrown [./src/hotspot/share/classfile/systemDictionary.cpp, line 256]
Event: 4,823 Thread 0x00007f53340251d0 Exception <a 'java/lang/ClassNotFoundException'{0x0000000087030ce0}: org/springframework/context/EnvironmentAwareCustomizer> (0x0000000087030ce0) 
thrown [./src/hotspot/share/classfile/systemDictionary.cpp, line 256]
Event: 4,824 Thread 0x00007f53340251d0 Exception <a 'java/lang/ClassNotFoundException'{0x0000000087037948}: org/springframework/beans/factory/AwareCustomizer> (0x0000000087037948) 
thrown [./src/hotspot/share/classfile/systemDictionary.cpp, line 256]
Event: 4,824 Thread 0x00007f53340251d0 Exception <a 'java/lang/ClassNotFoundException'{0x000000008703d950}: org/springframework/core/env/EnvironmentCapableCustomizer> (0x000000008703d950) 
thrown [./src/hotspot/share/classfile/systemDictionary.cpp, line 256]
Event: 4,824 Thread 0x00007f53340251d0 Exception <a 'java/lang/ClassNotFoundException'{0x0000000087044af0}: org/springframework/web/context/ServletContextAwareCustomizer> (0x0000000087044af0) 
thrown [./src/hotspot/share/classfile/systemDictionary.cpp, line 256]
Event: 4,825 Thread 0x00007f53340251d0 Exception <a 'java/lang/ClassNotFoundException'{0x000000008704b7c0}: org/springframework/beans/factory/AwareCustomizer> (0x000000008704b7c0) 
thrown [./src/hotspot/share/classfile/systemDictionary.cpp, line 256]
Event: 4,825 Thread 0x00007f53340251d0 Exception <a 'java/lang/ClassNotFoundException'{0x0000000087051848}: org/springframework/beans/factory/InitializingBeanCustomizer> (0x0000000087051848) 
thrown [./src/hotspot/share/classfile/systemDictionary.cpp, line 256]
Event: 4,826 Thread 0x00007f53340251d0 Exception <a 'java/lang/ClassNotFoundException'{0x00000000870581a8}: org/springframework/beans/factory/DisposableBeanCustomizer> (0x00000000870581a8) 
thrown [./src/hotspot/share/classfile/systemDictionary.cpp, line 256]

Events (20 events):
Event: 4,791 loading class java/lang/ObjectCustomizer
Event: 4,791 loading class java/lang/ObjectCustomizer done
Event: 4,801 loading class java/lang/ObjectCustomizer
Event: 4,801 loading class java/lang/ObjectCustomizer done
Event: 4,801 loading class java/lang/ObjectCustomizer
Event: 4,801 loading class java/lang/ObjectCustomizer done
Event: 4,805 loading class java/lang/ObjectCustomizer
Event: 4,805 loading class java/lang/ObjectCustomizer done
Event: 4,806 loading class java/lang/ObjectCustomizer
Event: 4,806 loading class java/lang/ObjectCustomizer done
Event: 4,817 loading class java/lang/ObjectCustomizer
Event: 4,817 loading class java/lang/ObjectCustomizer done
Event: 4,817 loading class java/lang/ObjectCustomizer
Event: 4,817 loading class java/lang/ObjectCustomizer done
Event: 4,830 Executing  VM operation: HandshakeAllThreads
Event: 4,830 Executing  VM operation: HandshakeAllThreads done
Event: 4,841 loading class java/util/stream/SortedOps$SizedRefSortingSink
Event: 4,841 loading class java/util/stream/SortedOps$SizedRefSortingSink done
Event: 4,867 loading class java/io/EOFException
Event: 4,867 loading class java/io/EOFException done


Dynamic libraries:
83c00000-87800000 rw-p 00000000 00:00 0 
87800000-8b100000 ---p 00000000 00:00 0 
8b100000-8b700000 rw-p 00000000 00:00 0 
8b700000-8b900000 ---p 00000000 00:00 0 
8b900000-8ba00000 rw-p 00000000 00:00 0 
8ba00000-ffe00000 ---p 00000000 00:00 0 
ffe00000-ffe76000 rw-p 00cb8000 08:05 137961                             /home/andra/.jdks/corretto-16.0.2/lib/server/classes.jsa
ffe76000-fff00000 rw-p 00000000 00:00 0 
fff00000-fff88000 rw-p 00c30000 08:05 137961                             /home/andra/.jdks/corretto-16.0.2/lib/server/classes.jsa
fff88000-100000000 rw-p 00000000 00:00 0 
800000000-800003000 rwxp 00001000 08:05 137961                           /home/andra/.jdks/corretto-16.0.2/lib/server/classes.jsa
800003000-80043c000 rw-p 00004000 08:05 137961                           /home/andra/.jdks/corretto-16.0.2/lib/server/classes.jsa
80043c000-800bf7000 r--p 0043d000 08:05 137961                           /home/andra/.jdks/corretto-16.0.2/lib/server/classes.jsa
800bf7000-800c00000 ---p 00000000 00:00 0 
800c00000-800c40000 rw-p 00000000 00:00 0 
800c40000-800c80000 rw-p 00000000 00:00 0 
800c80000-800ce0000 rw-p 00000000 00:00 0 
800ce0000-800d00000 rw-p 00000000 00:00 0 
800d00000-800e00000 rw-p 00000000 00:00 0 
800e00000-800f50000 rw-p 00000000 00:00 0 
800f50000-840c00000 ---p 00000000 00:00 0 
55bf4f200000-55bf4f201000 r-xp 00000000 08:05 138072                     /home/andra/.jdks/corretto-16.0.2/bin/java
55bf4f401000-55bf4f402000 r--p 00001000 08:05 138072                     /home/andra/.jdks/corretto-16.0.2/bin/java
55bf4f402000-55bf4f403000 rw-p 00002000 08:05 138072                     /home/andra/.jdks/corretto-16.0.2/bin/java
55bf50240000-55bf50261000 rw-p 00000000 00:00 0                          [heap]
7f52c4000000-7f52c4021000 rw-p 00000000 00:00 0 
7f52c4021000-7f52c8000000 ---p 00000000 00:00 0 
7f52c8000000-7f52c81d3000 rw-p 00000000 00:00 0 
7f52c81d3000-7f52cc000000 ---p 00000000 00:00 0 
7f52cc000000-7f52cc021000 rw-p 00000000 00:00 0 
7f52cc021000-7f52d0000000 ---p 00000000 00:00 0 
7f52d0000000-7f52d0021000 rw-p 00000000 00:00 0 
7f52d0021000-7f52d4000000 ---p 00000000 00:00 0 
7f52d4000000-7f52d4021000 rw-p 00000000 00:00 0 
7f52d4021000-7f52d8000000 ---p 00000000 00:00 0 
7f52d8000000-7f52d8021000 rw-p 00000000 00:00 0 
7f52d8021000-7f52dc000000 ---p 00000000 00:00 0 
7f52dc000000-7f52dc5d6000 rw-p 00000000 00:00 0 
7f52dc5d6000-7f52e0000000 ---p 00000000 00:00 0 
7f52e0000000-7f52e0021000 rw-p 00000000 00:00 0 
7f52e0021000-7f52e4000000 ---p 00000000 00:00 0 
7f52e4000000-7f52e4021000 rw-p 00000000 00:00 0 
7f52e4021000-7f52e8000000 ---p 00000000 00:00 0 
7f52e8000000-7f52e91c1000 rw-p 00000000 00:00 0 
7f52e91c1000-7f52ec000000 ---p 00000000 00:00 0 
7f52ec000000-7f52ec021000 rw-p 00000000 00:00 0 
7f52ec021000-7f52f0000000 ---p 00000000 00:00 0 
7f52f0000000-7f52f0021000 rw-p 00000000 00:00 0 
7f52f0021000-7f52f4000000 ---p 00000000 00:00 0 
7f52f4000000-7f52f4021000 rw-p 00000000 00:00 0 
7f52f4021000-7f52f8000000 ---p 00000000 00:00 0 
7f52f8000000-7f52f8021000 rw-p 00000000 00:00 0 
7f52f8021000-7f52fc000000 ---p 00000000 00:00 0 
7f52fc000000-7f52fc021000 rw-p 00000000 00:00 0 
7f52fc021000-7f5300000000 ---p 00000000 00:00 0 
7f5300579000-7f5300d00000 rw-p 00000000 00:00 0 
7f5300d00000-7f5300e00000 rw-p 00000000 00:00 0 
7f5300e00000-7f5300f60000 rw-p 00000000 00:00 0 
7f5300f60000-7f5301000000 ---p 00000000 00:00 0 
7f5301000000-7f5301700000 rw-p 00000000 00:00 0 
7f5301700000-7f5301800000 rw-p 00000000 00:00 0 
7f5301874000-7f5301875000 ---p 00000000 00:00 0 
7f5301875000-7f5301976000 rw-p 00000000 00:00 0 
7f5301976000-7f530197a000 ---p 00000000 00:00 0 
7f530197a000-7f5301a77000 rw-p 00000000 00:00 0 
7f5301a77000-7f5301a7d000 r-xp 00000000 08:05 138002                     /home/andra/.jdks/corretto-16.0.2/lib/libmanagement_ext.so
7f5301a7d000-7f5301c7c000 ---p 00006000 08:05 138002                     /home/andra/.jdks/corretto-16.0.2/lib/libmanagement_ext.so
7f5301c7c000-7f5301c7d000 r--p 00005000 08:05 138002                     /home/andra/.jdks/corretto-16.0.2/lib/libmanagement_ext.so
7f5301c7d000-7f5301c7e000 rw-p 00000000 00:00 0 
7f5301c7e000-7f5301c82000 r-xp 00000000 08:05 137988                     /home/andra/.jdks/corretto-16.0.2/lib/libmanagement.so
7f5301c82000-7f5301e81000 ---p 00004000 08:05 137988                     /home/andra/.jdks/corretto-16.0.2/lib/libmanagement.so
7f5301e81000-7f5301e82000 r--p 00003000 08:05 137988                     /home/andra/.jdks/corretto-16.0.2/lib/libmanagement.so
7f5301e82000-7f5301e83000 rw-p 00000000 00:00 0 
7f5301e83000-7f5301e84000 ---p 00000000 00:00 0 
7f5301e84000-7f5301f85000 rw-p 00000000 00:00 0 
7f5301f85000-7f5301f86000 ---p 00000000 00:00 0 
7f5301f86000-7f5302087000 rw-p 00000000 00:00 0 
7f5302087000-7f5302097000 r-xp 00000000 08:05 137962                     /home/andra/.jdks/corretto-16.0.2/lib/libverify.so
7f5302097000-7f5302297000 ---p 00010000 08:05 137962                     /home/andra/.jdks/corretto-16.0.2/lib/libverify.so
7f5302297000-7f5302299000 r--p 00010000 08:05 137962                     /home/andra/.jdks/corretto-16.0.2/lib/libverify.so
7f5302299000-7f530229a000 rw-p 00000000 00:00 0 
7f530229a000-7f53022b4000 r-xp 00000000 08:05 137966                     /home/andra/.jdks/corretto-16.0.2/lib/libzip.so
7f53022b4000-7f53024b3000 ---p 0001a000 08:05 137966                     /home/andra/.jdks/corretto-16.0.2/lib/libzip.so
7f53024b3000-7f53024b4000 r--p 00019000 08:05 137966                     /home/andra/.jdks/corretto-16.0.2/lib/libzip.so
7f53024b4000-7f53024e6000 rw-p 00000000 00:00 0 
7f53024e6000-7f53024fa000 r-xp 00000000 08:05 137968                     /home/andra/.jdks/corretto-16.0.2/lib/libnet.so
7f53024fa000-7f53026fa000 ---p 00014000 08:05 137968                     /home/andra/.jdks/corretto-16.0.2/lib/libnet.so
7f53026fa000-7f53026fb000 r--p 00014000 08:05 137968                     /home/andra/.jdks/corretto-16.0.2/lib/libnet.so
7f53026fb000-7f53026fc000 rw-p 00015000 08:05 137968                     /home/andra/.jdks/corretto-16.0.2/lib/libnet.so
7f53026fc000-7f530270e000 r-xp 00000000 08:05 137969                     /home/andra/.jdks/corretto-16.0.2/lib/libnio.so
7f530270e000-7f530290d000 ---p 00012000 08:05 137969                     /home/andra/.jdks/corretto-16.0.2/lib/libnio.so
7f530290d000-7f530290e000 r--p 00011000 08:05 137969                     /home/andra/.jdks/corretto-16.0.2/lib/libnio.so
7f530290e000-7f530290f000 rw-p 00012000 08:05 137969                     /home/andra/.jdks/corretto-16.0.2/lib/libnio.so
7f530290f000-7f5302913000 ---p 00000000 00:00 0 
7f5302913000-7f5302a10000 rw-p 00000000 00:00 0 
7f5302a10000-7f5302a11000 ---p 00000000 00:00 0 
7f5302a11000-7f5302b12000 rw-p 00000000 00:00 0 
7f5302b12000-7f5302b16000 ---p 00000000 00:00 0 
7f5302b16000-7f5302c13000 rw-p 00000000 00:00 0 
7f5302c13000-7f5302c17000 ---p 00000000 00:00 0 
7f5302c17000-7f5302d14000 rw-p 00000000 00:00 0 
7f5302d14000-7f5302d18000 ---p 00000000 00:00 0 
7f5302d18000-7f5302e15000 rw-p 00000000 00:00 0 
7f5302e15000-7f5302e19000 ---p 00000000 00:00 0 
7f5302e19000-7f5302f16000 rw-p 00000000 00:00 0 
7f5302f16000-7f5302f1a000 ---p 00000000 00:00 0 
7f5302f1a000-7f5303017000 rw-p 00000000 00:00 0 
7f5303017000-7f5303800000 r--p 00000000 08:05 1180264                    /usr/lib/locale/locale-archive
7f5303800000-7f5303c00000 rw-p 00000000 00:00 0 
7f5303c00000-7f5304000000 rw-p 00000000 00:00 0 
7f5304000000-7f5304021000 rw-p 00000000 00:00 0 
7f5304021000-7f5308000000 ---p 00000000 00:00 0 
7f5308000000-7f5308021000 rw-p 00000000 00:00 0 
7f5308021000-7f530c000000 ---p 00000000 00:00 0 
7f530c000000-7f530c021000 rw-p 00000000 00:00 0 
7f530c021000-7f5310000000 ---p 00000000 00:00 0 
7f5310000000-7f5310021000 rw-p 00000000 00:00 0 
7f5310021000-7f5314000000 ---p 00000000 00:00 0 
7f5314000000-7f5314021000 rw-p 00000000 00:00 0 
7f5314021000-7f5318000000 ---p 00000000 00:00 0 
7f531800d000-7f5318011000 ---p 00000000 00:00 0 
7f5318011000-7f531810e000 rw-p 00000000 00:00 0 
7f531810e000-7f5318112000 ---p 00000000 00:00 0 
7f5318112000-7f531820f000 rw-p 00000000 00:00 0 
7f531820f000-7f5318213000 ---p 00000000 00:00 0 
7f5318213000-7f5318310000 rw-p 00000000 00:00 0 
7f5318310000-7f5318314000 ---p 00000000 00:00 0 
7f5318314000-7f5318411000 rw-p 00000000 00:00 0 
7f5318411000-7f5318412000 ---p 00000000 00:00 0 
7f5318412000-7f5318594000 rw-p 00000000 00:00 0 
7f5318594000-7f5318595000 ---p 00000000 00:00 0 
7f5318595000-7f531a786000 rw-p 00000000 00:00 0 
7f531a786000-7f531a86a000 ---p 00000000 00:00 0 
7f531a86a000-7f531a882000 rw-p 00000000 00:00 0 
7f531a882000-7f531a88a000 ---p 00000000 00:00 0 
7f531a88a000-7f531a88e000 rw-p 00000000 00:00 0 
7f531a88e000-7f531c59e000 ---p 00000000 00:00 0 
7f531c59e000-7f531c5a6000 rw-p 00000000 00:00 0 
7f531c5a6000-7f531c816000 rwxp 00000000 00:00 0 
7f531c816000-7f531cb35000 ---p 00000000 00:00 0 
7f531cb35000-7f531d1f5000 rwxp 00000000 00:00 0 
7f531d1f5000-7f532406d000 ---p 00000000 00:00 0 
7f532406d000-7f53242dd000 rwxp 00000000 00:00 0 
7f53242dd000-7f532b5a6000 ---p 00000000 00:00 0 
7f532b5a6000-7f5334000000 r--s 00000000 08:05 137948                     /home/andra/.jdks/corretto-16.0.2/lib/modules
7f5334000000-7f5334d41000 rw-p 00000000 00:00 0 
7f5334d41000-7f5338000000 ---p 00000000 00:00 0 
7f5338016000-7f53380b2000 rw-p 00000000 00:00 0 
7f53380b2000-7f53380b3000 ---p 00000000 00:00 0 
7f53380b3000-7f53384b7000 rw-p 00000000 00:00 0 
7f53384b7000-7f53384b8000 ---p 00000000 00:00 0 
7f53384b8000-7f53385b9000 rw-p 00000000 00:00 0 
7f53385b9000-7f53385ba000 ---p 00000000 00:00 0 
7f53385ba000-7f53386bb000 rw-p 00000000 00:00 0 
7f53386bb000-7f53386bc000 ---p 00000000 00:00 0 
7f53386bc000-7f53388f0000 rw-p 00000000 00:00 0 
7f53388f0000-7f53389d4000 ---p 00000000 00:00 0 
7f53389d4000-7f53389ec000 rw-p 00000000 00:00 0 
7f53389ec000-7f53389f4000 ---p 00000000 00:00 0 
7f53389f4000-7f53389f8000 rw-p 00000000 00:00 0 
7f53389f8000-7f533a708000 ---p 00000000 00:00 0 
7f533a708000-7f533a72e000 rw-p 00000000 00:00 0 
7f533a72e000-7f533a74a000 ---p 00000000 00:00 0 
7f533a74a000-7f533a74f000 rw-p 00000000 00:00 0 
7f533a74f000-7f533aaf1000 ---p 00000000 00:00 0 
7f533aaf1000-7f533ab10000 rw-p 00000000 00:00 0 
7f533ab10000-7f533ab2c000 ---p 00000000 00:00 0 
7f533ab2c000-7f533ab31000 rw-p 00000000 00:00 0 
7f533ab31000-7f533aed3000 ---p 00000000 00:00 0 
7f533aed3000-7f533aef2000 rw-p 00000000 00:00 0 
7f533aef2000-7f533af0e000 ---p 00000000 00:00 0 
7f533af0e000-7f533af13000 rw-p 00000000 00:00 0 
7f533af13000-7f533b2b5000 ---p 00000000 00:00 0 
7f533b2b5000-7f533b5be000 rw-p 00000000 00:00 0 
7f533b5be000-7f533b6a4000 ---p 00000000 00:00 0 
7f533b6a4000-7f533b6b2000 rw-p 00000000 00:00 0 
7f533b6b2000-7f533b78f000 ---p 00000000 00:00 0 
7f533b78f000-7f533b7b3000 r-xp 00000000 08:05 137965                     /home/andra/.jdks/corretto-16.0.2/lib/libjava.so
7f533b7b3000-7f533b9b3000 ---p 00024000 08:05 137965                     /home/andra/.jdks/corretto-16.0.2/lib/libjava.so
7f533b9b3000-7f533b9b4000 r--p 00024000 08:05 137965                     /home/andra/.jdks/corretto-16.0.2/lib/libjava.so
7f533b9b4000-7f533b9b5000 rw-p 00025000 08:05 137965                     /home/andra/.jdks/corretto-16.0.2/lib/libjava.so
7f533b9b5000-7f533b9b6000 rw-p 00000000 00:00 0 
7f533b9b6000-7f533b9b9000 r--p 00000000 08:05 1181889                    /usr/lib/x86_64-linux-gnu/libnss_files-2.31.so
7f533b9b9000-7f533b9c0000 r-xp 00003000 08:05 1181889                    /usr/lib/x86_64-linux-gnu/libnss_files-2.31.so
7f533b9c0000-7f533b9c2000 r--p 0000a000 08:05 1181889                    /usr/lib/x86_64-linux-gnu/libnss_files-2.31.so
7f533b9c2000-7f533b9c3000 r--p 0000b000 08:05 1181889                    /usr/lib/x86_64-linux-gnu/libnss_files-2.31.so
7f533b9c3000-7f533b9c4000 rw-p 0000c000 08:05 1181889                    /usr/lib/x86_64-linux-gnu/libnss_files-2.31.so
7f533b9c4000-7f533b9ca000 rw-p 00000000 00:00 0 
7f533b9d2000-7f533b9d7000 rw-p 00000000 00:00 0 
7f533b9d7000-7f533b9de000 ---p 00000000 00:00 0 
7f533b9de000-7f533b9f9000 r-xp 00000000 08:05 137967                     /home/andra/.jdks/corretto-16.0.2/lib/libjimage.so
7f533b9f9000-7f533bbf8000 ---p 0001b000 08:05 137967                     /home/andra/.jdks/corretto-16.0.2/lib/libjimage.so
7f533bbf8000-7f533bbfa000 r--p 0001a000 08:05 137967                     /home/andra/.jdks/corretto-16.0.2/lib/libjimage.so
7f533bbfa000-7f533bbfb000 rw-p 0001c000 08:05 137967                     /home/andra/.jdks/corretto-16.0.2/lib/libjimage.so
7f533bbfb000-7f533bbfd000 r--p 00000000 08:05 1181896                    /usr/lib/x86_64-linux-gnu/librt-2.31.so
7f533bbfd000-7f533bc01000 r-xp 00002000 08:05 1181896                    /usr/lib/x86_64-linux-gnu/librt-2.31.so
7f533bc01000-7f533bc03000 r--p 00006000 08:05 1181896                    /usr/lib/x86_64-linux-gnu/librt-2.31.so
7f533bc03000-7f533bc04000 r--p 00007000 08:05 1181896                    /usr/lib/x86_64-linux-gnu/librt-2.31.so
7f533bc04000-7f533bc05000 rw-p 00008000 08:05 1181896                    /usr/lib/x86_64-linux-gnu/librt-2.31.so
7f533bc05000-7f533bc09000 ---p 00000000 00:00 0 
7f533bc09000-7f533bd06000 rw-p 00000000 00:00 0 
7f533bd06000-7f533bd13000 r--p 00000000 08:05 1181883                    /usr/lib/x86_64-linux-gnu/libm-2.31.so
7f533bd13000-7f533bdba000 r-xp 0000d000 08:05 1181883                    /usr/lib/x86_64-linux-gnu/libm-2.31.so
7f533bdba000-7f533be53000 r--p 000b4000 08:05 1181883                    /usr/lib/x86_64-linux-gnu/libm-2.31.so
7f533be53000-7f533be54000 r--p 0014c000 08:05 1181883                    /usr/lib/x86_64-linux-gnu/libm-2.31.so
7f533be54000-7f533be55000 rw-p 0014d000 08:05 1181883                    /usr/lib/x86_64-linux-gnu/libm-2.31.so
7f533be55000-7f533d111000 r-xp 00000000 08:05 137958                     /home/andra/.jdks/corretto-16.0.2/lib/server/libjvm.so
7f533d111000-7f533d310000 ---p 012bc000 08:05 137958                     /home/andra/.jdks/corretto-16.0.2/lib/server/libjvm.so
7f533d310000-7f533d3c5000 r--p 012bb000 08:05 137958                     /home/andra/.jdks/corretto-16.0.2/lib/server/libjvm.so
7f533d3c5000-7f533d3f9000 rw-p 01370000 08:05 137958                     /home/andra/.jdks/corretto-16.0.2/lib/server/libjvm.so
7f533d3f9000-7f533d456000 rw-p 00000000 00:00 0 
7f533d456000-7f533d478000 r--p 00000000 08:05 1181881                    /usr/lib/x86_64-linux-gnu/libc-2.31.so
7f533d478000-7f533d5f0000 r-xp 00022000 08:05 1181881                    /usr/lib/x86_64-linux-gnu/libc-2.31.so
7f533d5f0000-7f533d63e000 r--p 0019a000 08:05 1181881                    /usr/lib/x86_64-linux-gnu/libc-2.31.so
7f533d63e000-7f533d642000 r--p 001e7000 08:05 1181881                    /usr/lib/x86_64-linux-gnu/libc-2.31.so
7f533d642000-7f533d644000 rw-p 001eb000 08:05 1181881                    /usr/lib/x86_64-linux-gnu/libc-2.31.so
7f533d644000-7f533d648000 rw-p 00000000 00:00 0 
7f533d648000-7f533d649000 r--p 00000000 08:05 1181882                    /usr/lib/x86_64-linux-gnu/libdl-2.31.so
7f533d649000-7f533d64b000 r-xp 00001000 08:05 1181882                    /usr/lib/x86_64-linux-gnu/libdl-2.31.so
7f533d64b000-7f533d64c000 r--p 00003000 08:05 1181882                    /usr/lib/x86_64-linux-gnu/libdl-2.31.so
7f533d64c000-7f533d64d000 r--p 00003000 08:05 1181882                    /usr/lib/x86_64-linux-gnu/libdl-2.31.so
7f533d64d000-7f533d64e000 rw-p 00004000 08:05 1181882                    /usr/lib/x86_64-linux-gnu/libdl-2.31.so
7f533d64e000-7f533d654000 r--p 00000000 08:05 1181894                    /usr/lib/x86_64-linux-gnu/libpthread-2.31.so
7f533d654000-7f533d665000 r-xp 00006000 08:05 1181894                    /usr/lib/x86_64-linux-gnu/libpthread-2.31.so
7f533d665000-7f533d66b000 r--p 00017000 08:05 1181894                    /usr/lib/x86_64-linux-gnu/libpthread-2.31.so
7f533d66b000-7f533d66c000 r--p 0001c000 08:05 1181894                    /usr/lib/x86_64-linux-gnu/libpthread-2.31.so
7f533d66c000-7f533d66d000 rw-p 0001d000 08:05 1181894                    /usr/lib/x86_64-linux-gnu/libpthread-2.31.so
7f533d66d000-7f533d671000 rw-p 00000000 00:00 0 
7f533d674000-7f533d67b000 r--s 00000000 08:05 1721436                    /usr/lib/x86_64-linux-gnu/gconv/gconv-modules.cache
7f533d67b000-7f533d683000 rw-s 00000000 08:05 1051037                    /tmp/hsperfdata_andra/9215
7f533d683000-7f533d684000 ---p 00000000 00:00 0 
7f533d684000-7f533d685000 r--p 00000000 00:00 0 
7f533d685000-7f533d69e000 r-xp 00000000 08:05 137963                     /home/andra/.jdks/corretto-16.0.2/lib/libjli.so
7f533d69e000-7f533d89d000 ---p 00019000 08:05 137963                     /home/andra/.jdks/corretto-16.0.2/lib/libjli.so
7f533d89d000-7f533d89e000 r--p 00018000 08:05 137963                     /home/andra/.jdks/corretto-16.0.2/lib/libjli.so
7f533d89e000-7f533d89f000 rw-p 00019000 08:05 137963                     /home/andra/.jdks/corretto-16.0.2/lib/libjli.so
7f533d89f000-7f533d8a1000 rw-p 00000000 00:00 0 
7f533d8a1000-7f533d8a2000 r--p 00000000 08:05 1181874                    /usr/lib/x86_64-linux-gnu/ld-2.31.so
7f533d8a2000-7f533d8c5000 r-xp 00001000 08:05 1181874                    /usr/lib/x86_64-linux-gnu/ld-2.31.so
7f533d8c5000-7f533d8cd000 r--p 00024000 08:05 1181874                    /usr/lib/x86_64-linux-gnu/ld-2.31.so
7f533d8cd000-7f533d8ce000 ---p 00000000 00:00 0 
7f533d8ce000-7f533d8cf000 r--p 0002c000 08:05 1181874                    /usr/lib/x86_64-linux-gnu/ld-2.31.so
7f533d8cf000-7f533d8d0000 rw-p 0002d000 08:05 1181874                    /usr/lib/x86_64-linux-gnu/ld-2.31.so
7f533d8d0000-7f533d8d1000 rw-p 00000000 00:00 0 
7ffdf0c2e000-7ffdf0c52000 rw-p 00000000 00:00 0                          [stack]
7ffdf0c9d000-7ffdf0ca1000 r--p 00000000 00:00 0                          [vvar]
7ffdf0ca1000-7ffdf0ca3000 r-xp 00000000 00:00 0                          [vdso]
ffffffffff600000-ffffffffff601000 --xp 00000000 00:00 0                  [vsyscall]


VM Arguments:
jvm_args: -Dfile.encoding=UTF-8 -Duser.country=US -Duser.language=en -Duser.variant 
java_command: com.squad_5.recursos.Recursos.RecursosApplication
java_class_path (initial): /home/andra/Documents/aninfo/Squad_5_2022_1c/build/classes/java/main:/home/andra/Documents/aninfo/Squad_5_2022_1c/build/resources/main:/home/andra/.gradle/caches/modules-2/files-2.1/org.springframework.boot/spring-boot-starter-data-jpa/2.7.0/773d8c4fbe92493655f4c7db3a2d95388b8f6eb8/spring-boot-starter-data-jpa-2.7.0.jar:/home/andra/.gradle/caches/modules-2/files-2.1/org.springframework.boot/spring-boot-starter-data-rest/2.7.0/5b769c5a7cb1eca53eba27029df6f3a8f5e88628/spring-boot-starter-data-rest-2.7.0.jar:/home/andra/.gradle/caches/modules-2/files-2.1/org.springframework.boot/spring-boot-starter-web/2.7.0/7bf2381d030023970b5375c1090545e480467aa1/spring-boot-starter-web-2.7.0.jar:/home/andra/.gradle/caches/modules-2/files-2.1/org.springframework.boot/spring-boot-starter-aop/2.7.0/49f204ec9672800932f8f7b344221251b1422da6/spring-boot-starter-aop-2.7.0.jar:/home/andra/.gradle/caches/modules-2/files-2.1/org.springframework.boot/spring-boot-starter-jdbc/2.7.0/dd69f21efd63a2a16d631210b5656dc30348451b/spring-boot-starter-jdbc-2.7.0.jar:/home/andra/.gradle/caches/modules-2/files-2.1/jakarta.transaction/jakarta.transaction-api/1.3.3/c4179d48720a1e87202115fbed6089bdc4195405/jakarta.transaction-api-1.3.3.jar:/home/andra/.gradle/caches/modules-2/files-2.1/jakarta.persistence/jakarta.persistence-api/2.2.3/8f6ea5daedc614f07a3654a455660145286f024e/jakarta.persistence-api-2.2.3.jar:/home/andra/.gradle/caches/modules-2/files-2.1/org.hibernate/hibernate-core/5.6.9.Final/8ec2c7b13de2fbcb19feddfb3a30932bb6a8228a/hibernate-core-5.6.9.Final.jar:/home/andra/.gradle/caches/modules-2/files-2.1/org.springframework.data/spring-data-jpa/2.7.0/f82986cdf2beda49b0bbb28a880ca644a1eb6c42/spring-data-jpa-2.7.0.jar:/home/andra/.gradle/caches/modules-2/files-2.1/org.springframework/spring-aspects/5.3.20/161a2ccb1d68aed17922981909081bd6d1e46628/spring-aspects-5.3.20.jar:/home/andra/.gradle/caches/modules-2/files-2.1/org.springframework.data/spring-data-rest-webmvc/3.7.0/7802
Launcher Type: SUN_STANDARD

[Global flags]
     intx CICompilerCount                          = 2                                         {product} {ergonomic}
     uint ConcGCThreads                            = 1                                         {product} {ergonomic}
     uint G1ConcRefinementThreads                  = 3                                         {product} {ergonomic}
   size_t G1HeapRegionSize                         = 1048576                                   {product} {ergonomic}
    uintx GCDrainStackTargetSize                   = 64                                        {product} {ergonomic}
   size_t InitialHeapSize                          = 132120576                                 {product} {ergonomic}
   size_t MarkStackSize                            = 4194304                                   {product} {ergonomic}
   size_t MaxHeapSize                              = 2084569088                                {product} {ergonomic}
   size_t MaxNewSize                               = 1249902592                                {product} {ergonomic}
   size_t MinHeapDeltaBytes                        = 1048576                                   {product} {ergonomic}
   size_t MinHeapSize                              = 8388608                                   {product} {ergonomic}
    uintx NonNMethodCodeHeapSize                   = 5826188                                {pd product} {ergonomic}
    uintx NonProfiledCodeHeapSize                  = 122916026                              {pd product} {ergonomic}
    uintx ProfiledCodeHeapSize                     = 122916026                              {pd product} {ergonomic}
    uintx ReservedCodeCacheSize                    = 251658240                              {pd product} {ergonomic}
     bool SegmentedCodeCache                       = true                                      {product} {ergonomic}
   size_t SoftMaxHeapSize                          = 2084569088                             {manageable} {ergonomic}
     bool UseCompressedClassPointers               = true                           {product lp64_product} {ergonomic}
     bool UseCompressedOops                        = true                           {product lp64_product} {ergonomic}
     bool UseG1GC                                  = true                                      {product} {ergonomic}

Logging:
Log output configuration:
 #0: stdout all=warning uptime,level,tags
 #1: stderr all=off uptime,level,tags

Environment Variables:
PATH=/usr/local/sbin:/usr/local/bin:/usr/sbin:/usr/bin:/sbin:/bin:/usr/games:/usr/local/games:/snap/bin
USERNAME=andra
SHELL=/bin/bash
DISPLAY=:0
LANG=en_US.UTF-8

Signal Handlers:
SIGSEGV: [libjvm.so+0xf67e20], sa_mask[0]=11100100010111111101111111111110, sa_flags=SA_RESTART|SA_SIGINFO
SIGBUS: [libjvm.so+0xf67e20], sa_mask[0]=11100100010111111101111111111110, sa_flags=SA_RESTART|SA_SIGINFO
SIGFPE: [libjvm.so+0xf67e20], sa_mask[0]=11100100010111111101111111111110, sa_flags=SA_RESTART|SA_SIGINFO
SIGPIPE: [libjvm.so+0xe05b30], sa_mask[0]=11100100010111111101111111111110, sa_flags=SA_RESTART|SA_SIGINFO
SIGXFSZ: [libjvm.so+0xe05b30], sa_mask[0]=11100100010111111101111111111110, sa_flags=SA_RESTART|SA_SIGINFO
SIGILL: [libjvm.so+0xf67e20], sa_mask[0]=11100100010111111101111111111110, sa_flags=SA_RESTART|SA_SIGINFO
SIGUSR2: [libjvm.so+0xe05200], sa_mask[0]=00100000000000000000000000000000, sa_flags=SA_RESTART|SA_SIGINFO
SIGHUP: [libjvm.so+0xe05140], sa_mask[0]=11100100010111111101111111111110, sa_flags=SA_RESTART|SA_SIGINFO
SIGINT: [libjvm.so+0xe05140], sa_mask[0]=11100100010111111101111111111110, sa_flags=SA_RESTART|SA_SIGINFO
SIGTERM: [libjvm.so+0xe05140], sa_mask[0]=11100100010111111101111111111110, sa_flags=SA_RESTART|SA_SIGINFO
SIGQUIT: [libjvm.so+0xe05140], sa_mask[0]=11100100010111111101111111111110, sa_flags=SA_RESTART|SA_SIGINFO
SIGTRAP: [libjvm.so+0xf67e20], sa_mask[0]=11100100010111111101111111111110, sa_flags=SA_RESTART|SA_SIGINFO


---------------  S Y S T E M  ---------------

OS:
DISTRIB_ID=Ubuntu
DISTRIB_RELEASE=20.04
DISTRIB_CODENAME=focal
DISTRIB_DESCRIPTION="Ubuntu 20.04.4 LTS"
uname: Linux 5.13.0-44-generic #49~20.04.1-Ubuntu SMP Wed May 18 18:44:28 UTC 2022 x86_64
OS uptime: 0 days 2:45 hours
libc: glibc 2.31 NPTL 2.31 
rlimit (soft/hard): STACK 8192k/infinity , CORE 0k/infinity , NPROC 31545/31545 , NOFILE 1048576/1048576 , AS infinity/infinity , CPU infinity/infinity , DATA infinity/infinity , FSIZE infinity/infinity , MEMLOCK 65536k/65536k
load average: 1,96 0,61 0,30

/proc/meminfo:
MemTotal:        8142552 kB
MemFree:          183956 kB
MemAvailable:    4485808 kB
Buffers:           97608 kB
Cached:          4368560 kB
SwapCached:            0 kB
Active:          2366372 kB
Inactive:        5302656 kB
Active(anon):       9132 kB
Inactive(anon):  3207128 kB
Active(file):    2357240 kB
Inactive(file):  2095528 kB
Unevictable:           0 kB
Mlocked:               0 kB
SwapTotal:       1439440 kB
SwapFree:        1438148 kB
Dirty:             29636 kB
Writeback:             0 kB
AnonPages:       3202916 kB
Mapped:           944372 kB
Shmem:             19584 kB
KReclaimable:     135568 kB
Slab:             205416 kB
SReclaimable:     135568 kB
SUnreclaim:        69848 kB
KernelStack:       11152 kB
PageTables:        23296 kB
NFS_Unstable:          0 kB
Bounce:                0 kB
WritebackTmp:          0 kB
CommitLimit:     5510716 kB
Committed_AS:    5991652 kB
VmallocTotal:   34359738367 kB
VmallocUsed:       39300 kB
VmallocChunk:          0 kB
Percpu:             3840 kB
HardwareCorrupted:     0 kB
AnonHugePages:         0 kB
ShmemHugePages:        0 kB
ShmemPmdMapped:        0 kB
FileHugePages:         0 kB
FilePmdMapped:         0 kB
HugePages_Total:       0
HugePages_Free:        0
HugePages_Rsvd:        0
HugePages_Surp:        0
Hugepagesize:       2048 kB
Hugetlb:               0 kB
DirectMap4k:      217024 kB
DirectMap2M:     8171520 kB

/sys/kernel/mm/transparent_hugepage/enabled: always [madvise] never
/sys/kernel/mm/transparent_hugepage/defrag (defrag/compaction efforts parameter): always defer defer+madvise [madvise] never

Process Memory:
Virtual Size: 5082128K (peak: 5082208K)
Resident Set Size: 180248K (peak: 180248K) (anon: 150836K, file: 29412K, shmem: 0K)
Swapped out: 0K
C-Heap outstanding allocations: 33600K

/proc/sys/kernel/threads-max (system-wide limit on the number of threads): 63090
/proc/sys/vm/max_map_count (maximum number of memory map areas a process may have): 65530
/proc/sys/kernel/pid_max (system-wide limit on number of process identifiers): 4194304

container (cgroup) information:
container_type: cgroupv1
cpu_cpuset_cpus: 0-2
cpu_memory_nodes: 0
active_processor_count: 3
cpu_quota: no quota
cpu_period: 100000
cpu_shares: no shares
memory_limit_in_bytes: unlimited
memory_and_swap_limit_in_bytes: unlimited
memory_soft_limit_in_bytes: unlimited
memory_usage_in_bytes: 6045859840
memory_max_usage_in_bytes: 6114344960

KVM virtualization detected
Steal ticks since vm start: 0
Steal ticks percentage since vm start:  0,000

CPU: total 3 (initial active 3) (3 cores per cpu, 3 threads per core) family 23 model 17 stepping 0 microcode 0x6000626, cx8, cmov, fxsr, ht, mmx, sse, sse2, sse3, ssse3, sse4a, sse4.1, sse4.2, popcnt, lzcnt, tsc, tscinvbit, avx, avx2, aes, clmul, vzeroupper, clflush, clflushopt, hv
CPU Model and flags from /proc/cpuinfo:
model name	: AMD Ryzen 5 2500U with Radeon Vega Mobile Gfx
flags		: fpu vme de pse tsc msr pae mce cx8 apic sep mtrr pge mca cmov pat pse36 clflush mmx fxsr sse sse2 ht syscall nx mmxext fxsr_opt rdtscp lm constant_tsc rep_good nopl nonstop_tsc cpuid extd_apicid tsc_known_freq pni pclmulqdq ssse3 cx16 sse4_1 sse4_2 x2apic movbe popcnt aes xsave avx rdrand hypervisor lahf_lm cmp_legacy cr8_legacy abm sse4a misalignsse 3dnowprefetch ssbd vmmcall fsgsbase avx2 rdseed clflushopt arat

Online cpus: 0-2
Offline cpus: 
BIOS frequency limitation: <Not Available>
Frequency switch latency (ns): <Not Available>
Available cpu frequencies: <Not Available>
Current governor: <Not Available>
Core performance/turbo boost: <Not Available>

Memory: 4k page, physical 8142552k(183956k free), swap 1439440k(1438148k free)

vm_info: OpenJDK 64-Bit Server VM (16.0.2+7) for linux-amd64 JRE (16.0.2+7), built on Jul 22 2021 01:08:17 by "jenkins" with gcc 7.3.1 20180303 (Red Hat 7.3.1-5)

END.
